#
# A fatal error has been detected by the Java Runtime Environment:
#
#  Internal Error (safepoint.cpp:919), pid=13765, tid=28679
#  fatal error: Illegal threadstate encountered: 4
#
# JRE version: OpenJDK Runtime Environment Temurin-11.0.12+7 (11.0.12+7) (build 11.0.12+7)
# Java VM: OpenJDK 64-Bit Server VM Temurin-11.0.12+7 (11.0.12+7, mixed mode, tiered, compressed oops, g1 gc, bsd-amd64)
# No core dump will be written. Core dumps have been disabled. To enable core dumping, try "ulimit -c unlimited" before starting Java again
#
# If you would like to submit a bug report, please visit:
#   https://github.com/adoptium/adoptium-support/issues
# The crash happened outside the Java Virtual Machine in native code.
# See problematic frame for where to report the bug.
#

---------------  S U M M A R Y ------------

Command Line: --module-path=/Volumes/GoogleDrive/My Drive/3 - AP CS Fulk/APCS workspace/STD/std/target/classes:/Users/colinnewton/.m2/repository/org/openjfx/javafx-controls/13/javafx-controls-13-mac.jar:/Users/colinnewton/.m2/repository/org/openjfx/javafx-graphics/13/javafx-graphics-13-mac.jar:/Users/colinnewton/.m2/repository/org/openjfx/javafx-base/13/javafx-base-13-mac.jar:/Users/colinnewton/.m2/repository/org/openjfx/javafx-fxml/13/javafx-fxml-13-mac.jar:/Users/colinnewton/.m2/repository/org/openjfx/javafx-media/13/javafx-media-13-mac.jar -Djdk.module.main=school.tower.defense school.tower.defense/school.tower.defense.App

Host: MacBookPro15,2 x86_64 2300 MHz, 8 cores, 16G, Darwin 21.3.0
Time: Wed May 11 22:06:36 2022 PDT elapsed time: 4.934583 seconds (0d 0h 0m 4s)

---------------  T H R E A D  ---------------

Current thread (0x00007f8540010800):  JavaThread "InvokeLaterDispatcher" daemon [_thread_in_native, id=28679, stack(0x0000700010dd5000,0x0000700010ed5000)]

Stack: [0x0000700010dd5000,0x0000700010ed5000],  sp=0x0000700010ed32b0,  free space=1016k
Native frames: (J=compiled Java code, A=aot compiled Java code, j=interpreted, Vv=VM code, C=native code)
V  [libjvm.dylib+0x7c656e]  _ZN7VMError14report_and_dieEiPKcS1_P13__va_list_tagP6ThreadPhPvS7_S1_im+0x652
V  [libjvm.dylib+0x7c6c69]  _ZN7VMError14report_and_dieEP6ThreadPvPKciS4_S4_P13__va_list_tag+0x47
V  [libjvm.dylib+0x27a592]  _Z12report_fatalPKciS0_z+0xb5
V  [libjvm.dylib+0x69d09d]  _ZN20SafepointSynchronize5blockEP10JavaThread+0x1cf
V  [libjvm.dylib+0x77f1f2]  _ZN10JavaThread44check_safepoint_and_suspend_for_native_transEPS_+0xa8
V  [libjvm.dylib+0x3f4a70]  jni_DeleteGlobalRef+0x93
C  [libglass.dylib+0x8e55]  -[GlassRunnable dealloc]+0x35
C  [Foundation+0x80eab]  -[_NSThreadPerformInfo dealloc]+0x2a
C  [Foundation+0x4dcd7]  -[NSObject(NSThreadPerformAdditions) performSelectorOnMainThread:withObject:waitUntilDone:]+0x7c
j  com.sun.glass.ui.mac.MacApplication._submitForLaterInvocation(Ljava/lang/Runnable;)V+0 javafx.graphics
j  com.sun.glass.ui.mac.MacApplication.submitForLaterInvocation(Ljava/lang/Runnable;)V+2 javafx.graphics
j  com.sun.glass.ui.InvokeLaterDispatcher.run()V+82 javafx.graphics
v  ~StubRoutines::call_stub
V  [libjvm.dylib+0x3b910e]  _ZN9JavaCalls11call_helperEP9JavaValueRK12methodHandleP17JavaCallArgumentsP6Thread+0x21a
V  [libjvm.dylib+0x3b8558]  _ZN9JavaCalls12call_virtualEP9JavaValueP5KlassP6SymbolS5_P17JavaCallArgumentsP6Thread+0xee
V  [libjvm.dylib+0x3b8614]  _ZN9JavaCalls12call_virtualEP9JavaValue6HandleP5KlassP6SymbolS6_P6Thread+0x62
V  [libjvm.dylib+0x43f4e6]  _ZL12thread_entryP10JavaThreadP6Thread+0x78
V  [libjvm.dylib+0x77dbc6]  _ZN10JavaThread17thread_main_innerEv+0x82
V  [libjvm.dylib+0x77da10]  _ZN10JavaThread3runEv+0x174
V  [libjvm.dylib+0x77b8ec]  _ZN6Thread8call_runEv+0x68
V  [libjvm.dylib+0x62a3c1]  _ZL19thread_native_entryP6Thread+0x139
C  [libsystem_pthread.dylib+0x64f4]  _pthread_start+0x7d
C  [libsystem_pthread.dylib+0x200f]  thread_start+0xf

Java frames: (J=compiled Java code, j=interpreted, Vv=VM code)
j  com.sun.glass.ui.mac.MacApplication._submitForLaterInvocation(Ljava/lang/Runnable;)V+0 javafx.graphics
j  com.sun.glass.ui.mac.MacApplication.submitForLaterInvocation(Ljava/lang/Runnable;)V+2 javafx.graphics
j  com.sun.glass.ui.InvokeLaterDispatcher.run()V+82 javafx.graphics
v  ~StubRoutines::call_stub

---------------  P R O C E S S  ---------------

Threads class SMR info:
_java_thread_list=0x0000600003d63f20, length=20, elements={
0x00007f853e80a000, 0x00007f853e826000, 0x00007f853e829000, 0x00007f853f012800,
0x00007f853f836000, 0x00007f853e82c800, 0x00007f853f83a000, 0x00007f853f83b000,
0x00007f853e821000, 0x00007f853eb26000, 0x00007f8540010800, 0x00007f853fbe6800,
0x00007f853eea6800, 0x00007f8540523800, 0x00007f853fcc5000, 0x00007f853fcc7800,
0x00007f853fd17000, 0x00007f853f633000, 0x00007f85405bd000, 0x00007f853fdcc000
}

Java Threads: ( => current thread )
  0x00007f853e80a000 JavaThread "main" [_thread_blocked, id=9475, stack(0x000070000f996000,0x000070000fa96000)]
  0x00007f853e826000 JavaThread "Reference Handler" daemon [_thread_blocked, id=18435, stack(0x00007000100ab000,0x00007000101ab000)]
  0x00007f853e829000 JavaThread "Finalizer" daemon [_thread_blocked, id=14339, stack(0x00007000101ae000,0x00007000102ae000)]
  0x00007f853f012800 JavaThread "Signal Dispatcher" daemon [_thread_blocked, id=16643, stack(0x00007000103b7000,0x00007000104b7000)]
  0x00007f853f836000 JavaThread "Service Thread" daemon [_thread_blocked, id=43267, stack(0x00007000104ba000,0x00007000105ba000)]
  0x00007f853e82c800 JavaThread "C2 CompilerThread0" daemon [_thread_in_native, id=42499, stack(0x00007000105bd000,0x00007000106bd000)]
  0x00007f853f83a000 JavaThread "C1 CompilerThread0" daemon [_thread_blocked, id=22275, stack(0x00007000106c0000,0x00007000107c0000)]
  0x00007f853f83b000 JavaThread "Sweeper thread" daemon [_thread_blocked, id=23043, stack(0x00007000107c3000,0x00007000108c3000)]
  0x00007f853e821000 JavaThread "Common-Cleaner" daemon [_thread_blocked, id=23299, stack(0x00007000108c6000,0x00007000109c6000)]
  0x00007f853eb26000 JavaThread "QuantumRenderer-0" daemon [_thread_in_Java, id=24835, stack(0x0000700010cd2000,0x0000700010dd2000)]
=>0x00007f8540010800 JavaThread "InvokeLaterDispatcher" daemon [_thread_in_native, id=28679, stack(0x0000700010dd5000,0x0000700010ed5000)]
  0x00007f853fbe6800 JavaThread "JavaFX Application Thread" [_thread_in_native, id=259, stack(0x00007ff7bebd0000,0x00007ff7bf3d0000)]
  0x00007f853eea6800 JavaThread "JavaFX-Launcher" [_thread_blocked, id=56579, stack(0x0000700011061000,0x0000700011161000)]
  0x00007f8540523800 JavaThread "Prism Font Disposer" daemon [_thread_blocked, id=59399, stack(0x0000700010acc000,0x0000700010bcc000)]
  0x00007f853fcc5000 JavaThread "PulseTimer-CVDisplayLink thread" daemon [_thread_in_native, id=50475, stack(0x0000700011673000,0x00007000116f3000)]
  0x00007f853fcc7800 JavaThread "JFXMedia Player EventQueueThread" daemon [_thread_blocked, id=72707, stack(0x0000700011779000,0x0000700011879000)]
  0x00007f853fd17000 JavaThread "Media Resource Disposer" daemon [_thread_blocked, id=110355, stack(0x00007000109c9000,0x0000700010ac9000)]
  0x00007f853f633000 JavaThread "Cleaner-0" daemon [_thread_blocked, id=23815, stack(0x0000700011c0e000,0x0000700011d0e000)]
  0x00007f85405bd000 JavaThread "JFXMedia Player EventQueueThread" daemon [_thread_blocked, id=172567, stack(0x0000700011e97000,0x0000700011f97000)]
  0x00007f853fdcc000 JavaThread "C2 CompilerThread1" daemon [_thread_in_native, id=172039, stack(0x0000700011d11000,0x0000700011e11000)]

Other Threads:
  0x00007f853e822800 VMThread "VM Thread" [stack: 0x000070000ffa8000,0x00007000100a8000] [id=18947]
  0x00007f853f053800 WatcherThread [stack: 0x0000700010bcf000,0x0000700010ccf000] [id=40707]
  0x00007f854001b800 GCTaskThread "GC Thread#0" [stack: 0x000070000fa99000,0x000070000fb99000] [id=20739]
  0x00007f853fc87000 GCTaskThread "GC Thread#1" [stack: 0x0000700011164000,0x0000700011264000] [id=74251]
  0x00007f853fc88000 GCTaskThread "GC Thread#2" [stack: 0x0000700011267000,0x0000700011367000] [id=73731]
  0x00007f853fc88800 GCTaskThread "GC Thread#3" [stack: 0x000070001136a000,0x000070001146a000] [id=57603]
  0x00007f853f59b800 GCTaskThread "GC Thread#4" [stack: 0x000070001146d000,0x000070001156d000] [id=58115]
  0x00007f853f5b7800 GCTaskThread "GC Thread#5" [stack: 0x0000700011570000,0x0000700011670000] [id=58627]
  0x00007f8540051000 ConcurrentGCThread "G1 Main Marker" [stack: 0x000070000fb9c000,0x000070000fc9c000] [id=20227]
  0x00007f8540052000 ConcurrentGCThread "G1 Conc#0" [stack: 0x000070000fc9f000,0x000070000fd9f000] [id=12035]
  0x00007f853fd9d800 ConcurrentGCThread "G1 Conc#1" [stack: 0x0000700011b0b000,0x0000700011c0b000] [id=132651]
  0x00007f853e80b000 ConcurrentGCThread "G1 Refine#0" [stack: 0x000070000fda2000,0x000070000fea2000] [id=12547]
  0x00007f853e80b800 ConcurrentGCThread "G1 Young RemSet Sampling" [stack: 0x000070000fea5000,0x000070000ffa5000] [id=12803]

Threads with active compile tasks:
C2 CompilerThread0   4941 2772 %     4       com.sun.marlin.DRenderer::_endRendering @ 235 (2473 bytes)
C2 CompilerThread1   4941 2808       4       com.sun.marlin.MaskMarlinAlphaConsumer::setAndClearRelativeAlphas (641 bytes)

VM state:not at safepoint (normal execution)

VM Mutex/Monitor currently owned by a thread: None

Heap address: 0x0000000700000000, size: 4096 MB, Compressed Oops mode: Zero based, Oop shift amount: 3
Narrow klass base: 0x0000000800000000, Narrow klass shift: 0
Compressed class space size: 1073741824 Address: 0x0000000800000000

Heap:
 garbage-first heap   total 262144K, used 85689K [0x0000000700000000, 0x0000000800000000)
  region size 1024K, 44 young (45056K), 7 survivors (7168K)
 Metaspace       used 22436K, capacity 23171K, committed 23344K, reserved 1069056K
  class space    used 2783K, capacity 3112K, committed 3200K, reserved 1048576K
Heap Regions: E=young(eden), S=young(survivor), O=old, HS=humongous(starts), HC=humongous(continues), CS=collection set, F=free, A=archive, TAMS=top-at-mark-start (previous, next)
|   0|0x0000000700000000, 0x0000000700100000, 0x0000000700100000|100%|HS|  |TAMS 0x0000000700100000, 0x0000000700000000| Complete 
|   1|0x0000000700100000, 0x0000000700200000, 0x0000000700200000|100%|HC|  |TAMS 0x0000000700200000, 0x0000000700100000| Complete 
|   2|0x0000000700200000, 0x0000000700300000, 0x0000000700300000|100%|HS|  |TAMS 0x0000000700300000, 0x0000000700200000| Complete 
|   3|0x0000000700300000, 0x0000000700400000, 0x0000000700400000|100%|HS|  |TAMS 0x0000000700400000, 0x0000000700300000| Complete 
|   4|0x0000000700400000, 0x0000000700500000, 0x0000000700500000|100%|HC|  |TAMS 0x0000000700500000, 0x0000000700400000| Complete 
|   5|0x0000000700500000, 0x0000000700600000, 0x0000000700600000|100%|HC|  |TAMS 0x0000000700600000, 0x0000000700500000| Complete 
|   6|0x0000000700600000, 0x0000000700700000, 0x0000000700700000|100%|HC|  |TAMS 0x0000000700700000, 0x0000000700600000| Complete 
|   7|0x0000000700700000, 0x0000000700800000, 0x0000000700800000|100%|HS|  |TAMS 0x0000000700700000, 0x0000000700700000| Complete 
|   8|0x0000000700800000, 0x0000000700900000, 0x0000000700900000|100%|HC|  |TAMS 0x0000000700800000, 0x0000000700800000| Complete 
|   9|0x0000000700900000, 0x0000000700a00000, 0x0000000700a00000|100%|HS|  |TAMS 0x0000000700900000, 0x0000000700900000| Complete 
|  10|0x0000000700a00000, 0x0000000700b00000, 0x0000000700b00000|100%|HC|  |TAMS 0x0000000700a00000, 0x0000000700a00000| Complete 
|  11|0x0000000700b00000, 0x0000000700c00000, 0x0000000700c00000|100%|HC|  |TAMS 0x0000000700b00000, 0x0000000700b00000| Complete 
|  12|0x0000000700c00000, 0x0000000700d00000, 0x0000000700d00000|100%|HC|  |TAMS 0x0000000700c00000, 0x0000000700c00000| Complete 
|  13|0x0000000700d00000, 0x0000000700e00000, 0x0000000700e00000|100%|HC|  |TAMS 0x0000000700d00000, 0x0000000700d00000| Complete 
|  14|0x0000000700e00000, 0x0000000700f00000, 0x0000000700f00000|100%|HC|  |TAMS 0x0000000700e00000, 0x0000000700e00000| Complete 
|  15|0x0000000700f00000, 0x0000000701000000, 0x0000000701000000|100%|HC|  |TAMS 0x0000000700f00000, 0x0000000700f00000| Complete 
|  16|0x0000000701000000, 0x0000000701100000, 0x0000000701100000|100%|HC|  |TAMS 0x0000000701000000, 0x0000000701000000| Complete 
|  17|0x0000000701100000, 0x0000000701200000, 0x0000000701200000|100%|HC|  |TAMS 0x0000000701100000, 0x0000000701100000| Complete 
|  18|0x0000000701200000, 0x0000000701300000, 0x0000000701300000|100%|HC|  |TAMS 0x0000000701200000, 0x0000000701200000| Complete 
|  19|0x0000000701300000, 0x0000000701400000, 0x0000000701400000|100%|HC|  |TAMS 0x0000000701300000, 0x0000000701300000| Complete 
|  20|0x0000000701400000, 0x0000000701500000, 0x0000000701500000|100%|HC|  |TAMS 0x0000000701400000, 0x0000000701400000| Complete 
|  21|0x0000000701500000, 0x0000000701600000, 0x0000000701600000|100%|HC|  |TAMS 0x0000000701500000, 0x0000000701500000| Complete 
|  22|0x0000000701600000, 0x0000000701700000, 0x0000000701700000|100%|HC|  |TAMS 0x0000000701600000, 0x0000000701600000| Complete 
|  23|0x0000000701700000, 0x0000000701800000, 0x0000000701800000|100%|HC|  |TAMS 0x0000000701700000, 0x0000000701700000| Complete 
|  24|0x0000000701800000, 0x0000000701900000, 0x0000000701900000|100%|HC|  |TAMS 0x0000000701800000, 0x0000000701800000| Complete 
|  25|0x0000000701900000, 0x0000000701a00000, 0x0000000701a00000|100%|HC|  |TAMS 0x0000000701900000, 0x0000000701900000| Complete 
|  26|0x0000000701a00000, 0x0000000701b00000, 0x0000000701b00000|100%|HC|  |TAMS 0x0000000701a00000, 0x0000000701a00000| Complete 
|  27|0x0000000701b00000, 0x0000000701c00000, 0x0000000701c00000|100%|HC|  |TAMS 0x0000000701b00000, 0x0000000701b00000| Complete 
|  28|0x0000000701c00000, 0x0000000701d00000, 0x0000000701d00000|100%|HC|  |TAMS 0x0000000701c00000, 0x0000000701c00000| Complete 
|  29|0x0000000701d00000, 0x0000000701e00000, 0x0000000701e00000|100%|HC|  |TAMS 0x0000000701d00000, 0x0000000701d00000| Complete 
|  30|0x0000000701e00000, 0x0000000701f00000, 0x0000000701f00000|100%|HC|  |TAMS 0x0000000701e00000, 0x0000000701e00000| Complete 
|  31|0x0000000701f00000, 0x0000000702000000, 0x0000000702000000|100%|HC|  |TAMS 0x0000000701f00000, 0x0000000701f00000| Complete 
|  32|0x0000000702000000, 0x0000000702100000, 0x0000000702100000|100%|HC|  |TAMS 0x0000000702000000, 0x0000000702000000| Complete 
|  33|0x0000000702100000, 0x0000000702200000, 0x0000000702200000|100%|HC|  |TAMS 0x0000000702100000, 0x0000000702100000| Complete 
|  34|0x0000000702200000, 0x0000000702300000, 0x0000000702300000|100%|HC|  |TAMS 0x0000000702200000, 0x0000000702200000| Complete 
|  35|0x0000000702300000, 0x0000000702400000, 0x0000000702400000|100%|HC|  |TAMS 0x0000000702300000, 0x0000000702300000| Complete 
|  36|0x0000000702400000, 0x0000000702500000, 0x0000000702500000|100%|HC|  |TAMS 0x0000000702400000, 0x0000000702400000| Complete 
|  37|0x0000000702500000, 0x0000000702600000, 0x0000000702600000|100%|HC|  |TAMS 0x0000000702500000, 0x0000000702500000| Complete 
|  38|0x0000000702600000, 0x0000000702700000, 0x0000000702700000|100%|HC|  |TAMS 0x0000000702600000, 0x0000000702600000| Complete 
|  39|0x0000000702700000, 0x0000000702800000, 0x0000000702800000|100%|HC|  |TAMS 0x0000000702700000, 0x0000000702700000| Complete 
|  40|0x0000000702800000, 0x0000000702900000, 0x0000000702900000|100%|HC|  |TAMS 0x0000000702800000, 0x0000000702800000| Complete 
|  41|0x0000000702900000, 0x0000000702900000, 0x0000000702a00000|  0%| F|  |TAMS 0x0000000702900000, 0x0000000702900000| Untracked 
|  42|0x0000000702a00000, 0x0000000702a00000, 0x0000000702b00000|  0%| F|  |TAMS 0x0000000702a00000, 0x0000000702a00000| Untracked 
|  43|0x0000000702b00000, 0x0000000702b00000, 0x0000000702c00000|  0%| F|  |TAMS 0x0000000702b00000, 0x0000000702b00000| Untracked 
|  44|0x0000000702c00000, 0x0000000702c00000, 0x0000000702d00000|  0%| F|  |TAMS 0x0000000702c00000, 0x0000000702c00000| Untracked 
|  45|0x0000000702d00000, 0x0000000702d00000, 0x0000000702e00000|  0%| F|  |TAMS 0x0000000702d00000, 0x0000000702d00000| Untracked 
|  46|0x0000000702e00000, 0x0000000702e00000, 0x0000000702f00000|  0%| F|  |TAMS 0x0000000702e00000, 0x0000000702e00000| Untracked 
|  47|0x0000000702f00000, 0x0000000702f00000, 0x0000000703000000|  0%| F|  |TAMS 0x0000000702f00000, 0x0000000702f00000| Untracked 
|  48|0x0000000703000000, 0x0000000703000000, 0x0000000703100000|  0%| F|  |TAMS 0x0000000703000000, 0x0000000703000000| Untracked 
|  49|0x0000000703100000, 0x0000000703100000, 0x0000000703200000|  0%| F|  |TAMS 0x0000000703100000, 0x0000000703100000| Untracked 
|  50|0x0000000703200000, 0x0000000703200000, 0x0000000703300000|  0%| F|  |TAMS 0x0000000703200000, 0x0000000703200000| Untracked 
|  51|0x0000000703300000, 0x0000000703300000, 0x0000000703400000|  0%| F|  |TAMS 0x0000000703300000, 0x0000000703300000| Untracked 
|  52|0x0000000703400000, 0x0000000703400000, 0x0000000703500000|  0%| F|  |TAMS 0x0000000703400000, 0x0000000703400000| Untracked 
|  53|0x0000000703500000, 0x0000000703500000, 0x0000000703600000|  0%| F|  |TAMS 0x0000000703500000, 0x0000000703500000| Untracked 
|  54|0x0000000703600000, 0x0000000703600000, 0x0000000703700000|  0%| F|  |TAMS 0x0000000703600000, 0x0000000703600000| Untracked 
|  55|0x0000000703700000, 0x0000000703700000, 0x0000000703800000|  0%| F|  |TAMS 0x0000000703700000, 0x0000000703700000| Untracked 
|  56|0x0000000703800000, 0x0000000703800000, 0x0000000703900000|  0%| F|  |TAMS 0x0000000703800000, 0x0000000703800000| Untracked 
|  57|0x0000000703900000, 0x0000000703900000, 0x0000000703a00000|  0%| F|  |TAMS 0x0000000703900000, 0x0000000703900000| Untracked 
|  58|0x0000000703a00000, 0x0000000703a00000, 0x0000000703b00000|  0%| F|  |TAMS 0x0000000703a00000, 0x0000000703a00000| Untracked 
|  59|0x0000000703b00000, 0x0000000703b00000, 0x0000000703c00000|  0%| F|  |TAMS 0x0000000703b00000, 0x0000000703b00000| Untracked 
|  60|0x0000000703c00000, 0x0000000703c00000, 0x0000000703d00000|  0%| F|  |TAMS 0x0000000703c00000, 0x0000000703c00000| Untracked 
|  61|0x0000000703d00000, 0x0000000703d00000, 0x0000000703e00000|  0%| F|  |TAMS 0x0000000703d00000, 0x0000000703d00000| Untracked 
|  62|0x0000000703e00000, 0x0000000703e00000, 0x0000000703f00000|  0%| F|  |TAMS 0x0000000703e00000, 0x0000000703e00000| Untracked 
|  63|0x0000000703f00000, 0x0000000703f00000, 0x0000000704000000|  0%| F|  |TAMS 0x0000000703f00000, 0x0000000703f00000| Untracked 
|  64|0x0000000704000000, 0x0000000704000000, 0x0000000704100000|  0%| F|  |TAMS 0x0000000704000000, 0x0000000704000000| Untracked 
|  65|0x0000000704100000, 0x0000000704100000, 0x0000000704200000|  0%| F|  |TAMS 0x0000000704100000, 0x0000000704100000| Untracked 
|  66|0x0000000704200000, 0x0000000704200000, 0x0000000704300000|  0%| F|  |TAMS 0x0000000704200000, 0x0000000704200000| Untracked 
|  67|0x0000000704300000, 0x0000000704300000, 0x0000000704400000|  0%| F|  |TAMS 0x0000000704300000, 0x0000000704300000| Untracked 
|  68|0x0000000704400000, 0x0000000704400000, 0x0000000704500000|  0%| F|  |TAMS 0x0000000704400000, 0x0000000704400000| Untracked 
|  69|0x0000000704500000, 0x0000000704500000, 0x0000000704600000|  0%| F|  |TAMS 0x0000000704500000, 0x0000000704500000| Untracked 
|  70|0x0000000704600000, 0x0000000704600000, 0x0000000704700000|  0%| F|  |TAMS 0x0000000704600000, 0x0000000704600000| Untracked 
|  71|0x0000000704700000, 0x0000000704700000, 0x0000000704800000|  0%| F|  |TAMS 0x0000000704700000, 0x0000000704700000| Untracked 
|  72|0x0000000704800000, 0x0000000704800000, 0x0000000704900000|  0%| F|  |TAMS 0x0000000704800000, 0x0000000704800000| Untracked 
|  73|0x0000000704900000, 0x0000000704900000, 0x0000000704a00000|  0%| F|  |TAMS 0x0000000704900000, 0x0000000704900000| Untracked 
|  74|0x0000000704a00000, 0x0000000704a00000, 0x0000000704b00000|  0%| F|  |TAMS 0x0000000704a00000, 0x0000000704a00000| Untracked 
|  75|0x0000000704b00000, 0x0000000704b00000, 0x0000000704c00000|  0%| F|  |TAMS 0x0000000704b00000, 0x0000000704b00000| Untracked 
|  76|0x0000000704c00000, 0x0000000704c00000, 0x0000000704d00000|  0%| F|  |TAMS 0x0000000704c00000, 0x0000000704c00000| Untracked 
|  77|0x0000000704d00000, 0x0000000704d00000, 0x0000000704e00000|  0%| F|  |TAMS 0x0000000704d00000, 0x0000000704d00000| Untracked 
|  78|0x0000000704e00000, 0x0000000704e00000, 0x0000000704f00000|  0%| F|  |TAMS 0x0000000704e00000, 0x0000000704e00000| Untracked 
|  79|0x0000000704f00000, 0x0000000704f00000, 0x0000000705000000|  0%| F|  |TAMS 0x0000000704f00000, 0x0000000704f00000| Untracked 
|  80|0x0000000705000000, 0x0000000705000000, 0x0000000705100000|  0%| F|  |TAMS 0x0000000705000000, 0x0000000705000000| Untracked 
|  81|0x0000000705100000, 0x0000000705100000, 0x0000000705200000|  0%| F|  |TAMS 0x0000000705100000, 0x0000000705100000| Untracked 
|  82|0x0000000705200000, 0x0000000705200000, 0x0000000705300000|  0%| F|  |TAMS 0x0000000705200000, 0x0000000705200000| Untracked 
|  83|0x0000000705300000, 0x0000000705300000, 0x0000000705400000|  0%| F|  |TAMS 0x0000000705300000, 0x0000000705300000| Untracked 
|  84|0x0000000705400000, 0x0000000705400000, 0x0000000705500000|  0%| F|  |TAMS 0x0000000705400000, 0x0000000705400000| Untracked 
|  85|0x0000000705500000, 0x0000000705500000, 0x0000000705600000|  0%| F|  |TAMS 0x0000000705500000, 0x0000000705500000| Untracked 
|  86|0x0000000705600000, 0x0000000705600000, 0x0000000705700000|  0%| F|  |TAMS 0x0000000705600000, 0x0000000705600000| Untracked 
|  87|0x0000000705700000, 0x0000000705700000, 0x0000000705800000|  0%| F|  |TAMS 0x0000000705700000, 0x0000000705700000| Untracked 
|  88|0x0000000705800000, 0x0000000705800000, 0x0000000705900000|  0%| F|  |TAMS 0x0000000705800000, 0x0000000705800000| Untracked 
|  89|0x0000000705900000, 0x0000000705900000, 0x0000000705a00000|  0%| F|  |TAMS 0x0000000705900000, 0x0000000705900000| Untracked 
|  90|0x0000000705a00000, 0x0000000705a00000, 0x0000000705b00000|  0%| F|  |TAMS 0x0000000705a00000, 0x0000000705a00000| Untracked 
|  91|0x0000000705b00000, 0x0000000705b00000, 0x0000000705c00000|  0%| F|  |TAMS 0x0000000705b00000, 0x0000000705b00000| Untracked 
|  92|0x0000000705c00000, 0x0000000705c00000, 0x0000000705d00000|  0%| F|  |TAMS 0x0000000705c00000, 0x0000000705c00000| Untracked 
|  93|0x0000000705d00000, 0x0000000705d00000, 0x0000000705e00000|  0%| F|  |TAMS 0x0000000705d00000, 0x0000000705d00000| Untracked 
|  94|0x0000000705e00000, 0x0000000705e00000, 0x0000000705f00000|  0%| F|  |TAMS 0x0000000705e00000, 0x0000000705e00000| Untracked 
|  95|0x0000000705f00000, 0x0000000705f00000, 0x0000000706000000|  0%| F|  |TAMS 0x0000000705f00000, 0x0000000705f00000| Untracked 
|  96|0x0000000706000000, 0x0000000706000000, 0x0000000706100000|  0%| F|  |TAMS 0x0000000706000000, 0x0000000706000000| Untracked 
|  97|0x0000000706100000, 0x0000000706100000, 0x0000000706200000|  0%| F|  |TAMS 0x0000000706100000, 0x0000000706100000| Untracked 
|  98|0x0000000706200000, 0x0000000706200000, 0x0000000706300000|  0%| F|  |TAMS 0x0000000706200000, 0x0000000706200000| Untracked 
|  99|0x0000000706300000, 0x0000000706300000, 0x0000000706400000|  0%| F|  |TAMS 0x0000000706300000, 0x0000000706300000| Untracked 
| 100|0x0000000706400000, 0x0000000706400000, 0x0000000706500000|  0%| F|  |TAMS 0x0000000706400000, 0x0000000706400000| Untracked 
| 101|0x0000000706500000, 0x0000000706500000, 0x0000000706600000|  0%| F|  |TAMS 0x0000000706500000, 0x0000000706500000| Untracked 
| 102|0x0000000706600000, 0x0000000706600000, 0x0000000706700000|  0%| F|  |TAMS 0x0000000706600000, 0x0000000706600000| Untracked 
| 103|0x0000000706700000, 0x0000000706700000, 0x0000000706800000|  0%| F|  |TAMS 0x0000000706700000, 0x0000000706700000| Untracked 
| 104|0x0000000706800000, 0x0000000706800000, 0x0000000706900000|  0%| F|  |TAMS 0x0000000706800000, 0x0000000706800000| Untracked 
| 105|0x0000000706900000, 0x0000000706900000, 0x0000000706a00000|  0%| F|  |TAMS 0x0000000706900000, 0x0000000706900000| Untracked 
| 106|0x0000000706a00000, 0x0000000706a00000, 0x0000000706b00000|  0%| F|  |TAMS 0x0000000706a00000, 0x0000000706a00000| Untracked 
| 107|0x0000000706b00000, 0x0000000706b00000, 0x0000000706c00000|  0%| F|  |TAMS 0x0000000706b00000, 0x0000000706b00000| Untracked 
| 108|0x0000000706c00000, 0x0000000706c00000, 0x0000000706d00000|  0%| F|  |TAMS 0x0000000706c00000, 0x0000000706c00000| Untracked 
| 109|0x0000000706d00000, 0x0000000706d00000, 0x0000000706e00000|  0%| F|  |TAMS 0x0000000706d00000, 0x0000000706d00000| Untracked 
| 110|0x0000000706e00000, 0x0000000706e00000, 0x0000000706f00000|  0%| F|  |TAMS 0x0000000706e00000, 0x0000000706e00000| Untracked 
| 111|0x0000000706f00000, 0x0000000706f00000, 0x0000000707000000|  0%| F|  |TAMS 0x0000000706f00000, 0x0000000706f00000| Untracked 
| 112|0x0000000707000000, 0x0000000707000000, 0x0000000707100000|  0%| F|  |TAMS 0x0000000707000000, 0x0000000707000000| Untracked 
| 113|0x0000000707100000, 0x0000000707100000, 0x0000000707200000|  0%| F|  |TAMS 0x0000000707100000, 0x0000000707100000| Untracked 
| 114|0x0000000707200000, 0x0000000707200000, 0x0000000707300000|  0%| F|  |TAMS 0x0000000707200000, 0x0000000707200000| Untracked 
| 115|0x0000000707300000, 0x0000000707300000, 0x0000000707400000|  0%| F|  |TAMS 0x0000000707300000, 0x0000000707300000| Untracked 
| 116|0x0000000707400000, 0x0000000707400000, 0x0000000707500000|  0%| F|  |TAMS 0x0000000707400000, 0x0000000707400000| Untracked 
| 117|0x0000000707500000, 0x0000000707500000, 0x0000000707600000|  0%| F|  |TAMS 0x0000000707500000, 0x0000000707500000| Untracked 
| 118|0x0000000707600000, 0x0000000707600000, 0x0000000707700000|  0%| F|  |TAMS 0x0000000707600000, 0x0000000707600000| Untracked 
| 119|0x0000000707700000, 0x0000000707700000, 0x0000000707800000|  0%| F|  |TAMS 0x0000000707700000, 0x0000000707700000| Untracked 
| 120|0x0000000707800000, 0x0000000707800000, 0x0000000707900000|  0%| F|  |TAMS 0x0000000707800000, 0x0000000707800000| Untracked 
| 121|0x0000000707900000, 0x0000000707900000, 0x0000000707a00000|  0%| F|  |TAMS 0x0000000707900000, 0x0000000707900000| Untracked 
| 122|0x0000000707a00000, 0x0000000707a00000, 0x0000000707b00000|  0%| F|  |TAMS 0x0000000707a00000, 0x0000000707a00000| Untracked 
| 123|0x0000000707b00000, 0x0000000707b00000, 0x0000000707c00000|  0%| F|  |TAMS 0x0000000707b00000, 0x0000000707b00000| Untracked 
| 124|0x0000000707c00000, 0x0000000707c00000, 0x0000000707d00000|  0%| F|  |TAMS 0x0000000707c00000, 0x0000000707c00000| Untracked 
| 125|0x0000000707d00000, 0x0000000707d00000, 0x0000000707e00000|  0%| F|  |TAMS 0x0000000707d00000, 0x0000000707d00000| Untracked 
| 126|0x0000000707e00000, 0x0000000707e00000, 0x0000000707f00000|  0%| F|  |TAMS 0x0000000707e00000, 0x0000000707e00000| Untracked 
| 127|0x0000000707f00000, 0x0000000707f00000, 0x0000000708000000|  0%| F|  |TAMS 0x0000000707f00000, 0x0000000707f00000| Untracked 
| 128|0x0000000708000000, 0x0000000708000000, 0x0000000708100000|  0%| F|  |TAMS 0x0000000708000000, 0x0000000708000000| Untracked 
| 129|0x0000000708100000, 0x0000000708100000, 0x0000000708200000|  0%| F|  |TAMS 0x0000000708100000, 0x0000000708100000| Untracked 
| 130|0x0000000708200000, 0x0000000708200000, 0x0000000708300000|  0%| F|  |TAMS 0x0000000708200000, 0x0000000708200000| Untracked 
| 131|0x0000000708300000, 0x0000000708300000, 0x0000000708400000|  0%| F|  |TAMS 0x0000000708300000, 0x0000000708300000| Untracked 
| 132|0x0000000708400000, 0x0000000708400000, 0x0000000708500000|  0%| F|  |TAMS 0x0000000708400000, 0x0000000708400000| Untracked 
| 133|0x0000000708500000, 0x0000000708500000, 0x0000000708600000|  0%| F|  |TAMS 0x0000000708500000, 0x0000000708500000| Untracked 
| 134|0x0000000708600000, 0x0000000708600000, 0x0000000708700000|  0%| F|  |TAMS 0x0000000708600000, 0x0000000708600000| Untracked 
| 135|0x0000000708700000, 0x0000000708700000, 0x0000000708800000|  0%| F|  |TAMS 0x0000000708700000, 0x0000000708700000| Untracked 
| 136|0x0000000708800000, 0x0000000708800000, 0x0000000708900000|  0%| F|  |TAMS 0x0000000708800000, 0x0000000708800000| Untracked 
| 137|0x0000000708900000, 0x0000000708900000, 0x0000000708a00000|  0%| F|  |TAMS 0x0000000708900000, 0x0000000708900000| Untracked 
| 138|0x0000000708a00000, 0x0000000708a00000, 0x0000000708b00000|  0%| F|  |TAMS 0x0000000708a00000, 0x0000000708a00000| Untracked 
| 139|0x0000000708b00000, 0x0000000708b00000, 0x0000000708c00000|  0%| F|  |TAMS 0x0000000708b00000, 0x0000000708b00000| Untracked 
| 140|0x0000000708c00000, 0x0000000708c00000, 0x0000000708d00000|  0%| F|  |TAMS 0x0000000708c00000, 0x0000000708c00000| Untracked 
| 141|0x0000000708d00000, 0x0000000708d00000, 0x0000000708e00000|  0%| F|  |TAMS 0x0000000708d00000, 0x0000000708d00000| Untracked 
| 142|0x0000000708e00000, 0x0000000708e00000, 0x0000000708f00000|  0%| F|  |TAMS 0x0000000708e00000, 0x0000000708e00000| Untracked 
| 143|0x0000000708f00000, 0x0000000708f00000, 0x0000000709000000|  0%| F|  |TAMS 0x0000000708f00000, 0x0000000708f00000| Untracked 
| 144|0x0000000709000000, 0x0000000709000000, 0x0000000709100000|  0%| F|  |TAMS 0x0000000709000000, 0x0000000709000000| Untracked 
| 145|0x0000000709100000, 0x0000000709100000, 0x0000000709200000|  0%| F|  |TAMS 0x0000000709100000, 0x0000000709100000| Untracked 
| 146|0x0000000709200000, 0x0000000709200000, 0x0000000709300000|  0%| F|  |TAMS 0x0000000709200000, 0x0000000709200000| Untracked 
| 147|0x0000000709300000, 0x0000000709300000, 0x0000000709400000|  0%| F|  |TAMS 0x0000000709300000, 0x0000000709300000| Untracked 
| 148|0x0000000709400000, 0x0000000709400000, 0x0000000709500000|  0%| F|  |TAMS 0x0000000709400000, 0x0000000709400000| Untracked 
| 149|0x0000000709500000, 0x0000000709500000, 0x0000000709600000|  0%| F|  |TAMS 0x0000000709500000, 0x0000000709500000| Untracked 
| 150|0x0000000709600000, 0x0000000709600000, 0x0000000709700000|  0%| F|  |TAMS 0x0000000709600000, 0x0000000709600000| Untracked 
| 151|0x0000000709700000, 0x0000000709700000, 0x0000000709800000|  0%| F|  |TAMS 0x0000000709700000, 0x0000000709700000| Untracked 
| 152|0x0000000709800000, 0x0000000709800000, 0x0000000709900000|  0%| F|  |TAMS 0x0000000709800000, 0x0000000709800000| Untracked 
| 153|0x0000000709900000, 0x0000000709900000, 0x0000000709a00000|  0%| F|  |TAMS 0x0000000709900000, 0x0000000709900000| Untracked 
| 154|0x0000000709a00000, 0x0000000709a00000, 0x0000000709b00000|  0%| F|  |TAMS 0x0000000709a00000, 0x0000000709a00000| Untracked 
| 155|0x0000000709b00000, 0x0000000709b00000, 0x0000000709c00000|  0%| F|  |TAMS 0x0000000709b00000, 0x0000000709b00000| Untracked 
| 156|0x0000000709c00000, 0x0000000709c00000, 0x0000000709d00000|  0%| F|  |TAMS 0x0000000709c00000, 0x0000000709c00000| Untracked 
| 157|0x0000000709d00000, 0x0000000709d00000, 0x0000000709e00000|  0%| F|  |TAMS 0x0000000709d00000, 0x0000000709d00000| Untracked 
| 158|0x0000000709e00000, 0x0000000709e00000, 0x0000000709f00000|  0%| F|  |TAMS 0x0000000709e00000, 0x0000000709e00000| Untracked 
| 159|0x0000000709f00000, 0x0000000709f00000, 0x000000070a000000|  0%| F|  |TAMS 0x0000000709f00000, 0x0000000709f00000| Untracked 
| 160|0x000000070a000000, 0x000000070a000000, 0x000000070a100000|  0%| F|  |TAMS 0x000000070a000000, 0x000000070a000000| Untracked 
| 161|0x000000070a100000, 0x000000070a100000, 0x000000070a200000|  0%| F|  |TAMS 0x000000070a100000, 0x000000070a100000| Untracked 
| 162|0x000000070a200000, 0x000000070a200000, 0x000000070a300000|  0%| F|  |TAMS 0x000000070a200000, 0x000000070a200000| Untracked 
| 163|0x000000070a300000, 0x000000070a300000, 0x000000070a400000|  0%| F|  |TAMS 0x000000070a300000, 0x000000070a300000| Untracked 
| 164|0x000000070a400000, 0x000000070a400000, 0x000000070a500000|  0%| F|  |TAMS 0x000000070a400000, 0x000000070a400000| Untracked 
| 165|0x000000070a500000, 0x000000070a500000, 0x000000070a600000|  0%| F|  |TAMS 0x000000070a500000, 0x000000070a500000| Untracked 
| 166|0x000000070a600000, 0x000000070a600000, 0x000000070a700000|  0%| F|  |TAMS 0x000000070a600000, 0x000000070a600000| Untracked 
| 167|0x000000070a700000, 0x000000070a700000, 0x000000070a800000|  0%| F|  |TAMS 0x000000070a700000, 0x000000070a700000| Untracked 
| 168|0x000000070a800000, 0x000000070a800000, 0x000000070a900000|  0%| F|  |TAMS 0x000000070a800000, 0x000000070a800000| Untracked 
| 169|0x000000070a900000, 0x000000070a900000, 0x000000070aa00000|  0%| F|  |TAMS 0x000000070a900000, 0x000000070a900000| Untracked 
| 170|0x000000070aa00000, 0x000000070aa00000, 0x000000070ab00000|  0%| F|  |TAMS 0x000000070aa00000, 0x000000070aa00000| Untracked 
| 171|0x000000070ab00000, 0x000000070ab00000, 0x000000070ac00000|  0%| F|  |TAMS 0x000000070ab00000, 0x000000070ab00000| Untracked 
| 172|0x000000070ac00000, 0x000000070ac00000, 0x000000070ad00000|  0%| F|  |TAMS 0x000000070ac00000, 0x000000070ac00000| Untracked 
| 173|0x000000070ad00000, 0x000000070ad00000, 0x000000070ae00000|  0%| F|  |TAMS 0x000000070ad00000, 0x000000070ad00000| Untracked 
| 174|0x000000070ae00000, 0x000000070ae00000, 0x000000070af00000|  0%| F|  |TAMS 0x000000070ae00000, 0x000000070ae00000| Untracked 
| 175|0x000000070af00000, 0x000000070af00000, 0x000000070b000000|  0%| F|  |TAMS 0x000000070af00000, 0x000000070af00000| Untracked 
| 176|0x000000070b000000, 0x000000070b000000, 0x000000070b100000|  0%| F|  |TAMS 0x000000070b000000, 0x000000070b000000| Untracked 
| 177|0x000000070b100000, 0x000000070b100000, 0x000000070b200000|  0%| F|  |TAMS 0x000000070b100000, 0x000000070b100000| Untracked 
| 178|0x000000070b200000, 0x000000070b200000, 0x000000070b300000|  0%| F|  |TAMS 0x000000070b200000, 0x000000070b200000| Untracked 
| 179|0x000000070b300000, 0x000000070b300000, 0x000000070b400000|  0%| F|  |TAMS 0x000000070b300000, 0x000000070b300000| Untracked 
| 180|0x000000070b400000, 0x000000070b400000, 0x000000070b500000|  0%| F|  |TAMS 0x000000070b400000, 0x000000070b400000| Untracked 
| 181|0x000000070b500000, 0x000000070b500000, 0x000000070b600000|  0%| F|  |TAMS 0x000000070b500000, 0x000000070b500000| Untracked 
| 182|0x000000070b600000, 0x000000070b600000, 0x000000070b700000|  0%| F|  |TAMS 0x000000070b600000, 0x000000070b600000| Untracked 
| 183|0x000000070b700000, 0x000000070b700000, 0x000000070b800000|  0%| F|  |TAMS 0x000000070b700000, 0x000000070b700000| Untracked 
| 184|0x000000070b800000, 0x000000070b800000, 0x000000070b900000|  0%| F|  |TAMS 0x000000070b800000, 0x000000070b800000| Untracked 
| 185|0x000000070b900000, 0x000000070b900000, 0x000000070ba00000|  0%| F|  |TAMS 0x000000070b900000, 0x000000070b900000| Untracked 
| 186|0x000000070ba00000, 0x000000070ba00000, 0x000000070bb00000|  0%| F|  |TAMS 0x000000070ba00000, 0x000000070ba00000| Untracked 
| 187|0x000000070bb00000, 0x000000070bb00000, 0x000000070bc00000|  0%| F|  |TAMS 0x000000070bb00000, 0x000000070bb00000| Untracked 
| 188|0x000000070bc00000, 0x000000070bc00000, 0x000000070bd00000|  0%| F|  |TAMS 0x000000070bc00000, 0x000000070bc00000| Untracked 
| 189|0x000000070bd00000, 0x000000070bd00000, 0x000000070be00000|  0%| F|  |TAMS 0x000000070bd00000, 0x000000070bd00000| Untracked 
| 190|0x000000070be00000, 0x000000070be00000, 0x000000070bf00000|  0%| F|  |TAMS 0x000000070be00000, 0x000000070be00000| Untracked 
| 191|0x000000070bf00000, 0x000000070bf00000, 0x000000070c000000|  0%| F|  |TAMS 0x000000070bf00000, 0x000000070bf00000| Untracked 
| 192|0x000000070c000000, 0x000000070c000000, 0x000000070c100000|  0%| F|  |TAMS 0x000000070c000000, 0x000000070c000000| Untracked 
| 193|0x000000070c100000, 0x000000070c100000, 0x000000070c200000|  0%| F|  |TAMS 0x000000070c100000, 0x000000070c100000| Untracked 
| 194|0x000000070c200000, 0x000000070c200000, 0x000000070c300000|  0%| F|  |TAMS 0x000000070c200000, 0x000000070c200000| Untracked 
| 195|0x000000070c300000, 0x000000070c300000, 0x000000070c400000|  0%| F|  |TAMS 0x000000070c300000, 0x000000070c300000| Untracked 
| 196|0x000000070c400000, 0x000000070c400000, 0x000000070c500000|  0%| F|  |TAMS 0x000000070c400000, 0x000000070c400000| Untracked 
| 197|0x000000070c500000, 0x000000070c500000, 0x000000070c600000|  0%| F|  |TAMS 0x000000070c500000, 0x000000070c500000| Untracked 
| 198|0x000000070c600000, 0x000000070c600000, 0x000000070c700000|  0%| F|  |TAMS 0x000000070c600000, 0x000000070c600000| Untracked 
| 199|0x000000070c700000, 0x000000070c700000, 0x000000070c800000|  0%| F|  |TAMS 0x000000070c700000, 0x000000070c700000| Untracked 
| 200|0x000000070c800000, 0x000000070c800000, 0x000000070c900000|  0%| F|  |TAMS 0x000000070c800000, 0x000000070c800000| Untracked 
| 201|0x000000070c900000, 0x000000070c900000, 0x000000070ca00000|  0%| F|  |TAMS 0x000000070c900000, 0x000000070c900000| Untracked 
| 202|0x000000070ca00000, 0x000000070ca00000, 0x000000070cb00000|  0%| F|  |TAMS 0x000000070ca00000, 0x000000070ca00000| Untracked 
| 203|0x000000070cb00000, 0x000000070cb00000, 0x000000070cc00000|  0%| F|  |TAMS 0x000000070cb00000, 0x000000070cb00000| Untracked 
| 204|0x000000070cc00000, 0x000000070cc00000, 0x000000070cd00000|  0%| F|  |TAMS 0x000000070cc00000, 0x000000070cc00000| Untracked 
| 205|0x000000070cd00000, 0x000000070cd00000, 0x000000070ce00000|  0%| F|  |TAMS 0x000000070cd00000, 0x000000070cd00000| Untracked 
| 206|0x000000070ce00000, 0x000000070ce00000, 0x000000070cf00000|  0%| F|  |TAMS 0x000000070ce00000, 0x000000070ce00000| Untracked 
| 207|0x000000070cf00000, 0x000000070cfae5b8, 0x000000070d000000| 68%| S|CS|TAMS 0x000000070cf00000, 0x000000070cf00000| Complete 
| 208|0x000000070d000000, 0x000000070d100000, 0x000000070d100000|100%| S|CS|TAMS 0x000000070d000000, 0x000000070d000000| Complete 
| 209|0x000000070d100000, 0x000000070d200000, 0x000000070d200000|100%| S|CS|TAMS 0x000000070d100000, 0x000000070d100000| Complete 
| 210|0x000000070d200000, 0x000000070d300000, 0x000000070d300000|100%| S|CS|TAMS 0x000000070d200000, 0x000000070d200000| Complete 
| 211|0x000000070d300000, 0x000000070d400000, 0x000000070d400000|100%| S|CS|TAMS 0x000000070d300000, 0x000000070d300000| Complete 
| 212|0x000000070d400000, 0x000000070d500000, 0x000000070d500000|100%| S|CS|TAMS 0x000000070d400000, 0x000000070d400000| Complete 
| 213|0x000000070d500000, 0x000000070d600000, 0x000000070d600000|100%| S|CS|TAMS 0x000000070d500000, 0x000000070d500000| Complete 
| 214|0x000000070d600000, 0x000000070d600000, 0x000000070d700000|  0%| F|  |TAMS 0x000000070d600000, 0x000000070d600000| Untracked 
| 215|0x000000070d700000, 0x000000070d700000, 0x000000070d800000|  0%| F|  |TAMS 0x000000070d700000, 0x000000070d700000| Untracked 
| 216|0x000000070d800000, 0x000000070d800000, 0x000000070d900000|  0%| F|  |TAMS 0x000000070d800000, 0x000000070d800000| Untracked 
| 217|0x000000070d900000, 0x000000070d900000, 0x000000070da00000|  0%| F|  |TAMS 0x000000070d900000, 0x000000070d900000| Untracked 
| 218|0x000000070da00000, 0x000000070da00000, 0x000000070db00000|  0%| F|  |TAMS 0x000000070da00000, 0x000000070da00000| Untracked 
| 219|0x000000070db00000, 0x000000070db82010, 0x000000070dc00000| 50%| E|  |TAMS 0x000000070db00000, 0x000000070db00000| Complete 
| 220|0x000000070dc00000, 0x000000070dd00000, 0x000000070dd00000|100%| E|CS|TAMS 0x000000070dc00000, 0x000000070dc00000| Complete 
| 221|0x000000070dd00000, 0x000000070de00000, 0x000000070de00000|100%| E|CS|TAMS 0x000000070dd00000, 0x000000070dd00000| Complete 
| 222|0x000000070de00000, 0x000000070df00000, 0x000000070df00000|100%| E|CS|TAMS 0x000000070de00000, 0x000000070de00000| Complete 
| 223|0x000000070df00000, 0x000000070e000000, 0x000000070e000000|100%| E|CS|TAMS 0x000000070df00000, 0x000000070df00000| Complete 
| 224|0x000000070e000000, 0x000000070e100000, 0x000000070e100000|100%| E|CS|TAMS 0x000000070e000000, 0x000000070e000000| Complete 
| 225|0x000000070e100000, 0x000000070e200000, 0x000000070e200000|100%| E|CS|TAMS 0x000000070e100000, 0x000000070e100000| Complete 
| 226|0x000000070e200000, 0x000000070e300000, 0x000000070e300000|100%| E|CS|TAMS 0x000000070e200000, 0x000000070e200000| Complete 
| 227|0x000000070e300000, 0x000000070e400000, 0x000000070e400000|100%| E|CS|TAMS 0x000000070e300000, 0x000000070e300000| Complete 
| 228|0x000000070e400000, 0x000000070e500000, 0x000000070e500000|100%| E|CS|TAMS 0x000000070e400000, 0x000000070e400000| Complete 
| 229|0x000000070e500000, 0x000000070e600000, 0x000000070e600000|100%| E|CS|TAMS 0x000000070e500000, 0x000000070e500000| Complete 
| 230|0x000000070e600000, 0x000000070e700000, 0x000000070e700000|100%| E|CS|TAMS 0x000000070e600000, 0x000000070e600000| Complete 
| 231|0x000000070e700000, 0x000000070e800000, 0x000000070e800000|100%| E|CS|TAMS 0x000000070e700000, 0x000000070e700000| Complete 
| 232|0x000000070e800000, 0x000000070e900000, 0x000000070e900000|100%| E|CS|TAMS 0x000000070e800000, 0x000000070e800000| Complete 
| 233|0x000000070e900000, 0x000000070ea00000, 0x000000070ea00000|100%| E|CS|TAMS 0x000000070e900000, 0x000000070e900000| Complete 
| 234|0x000000070ea00000, 0x000000070eb00000, 0x000000070eb00000|100%| E|CS|TAMS 0x000000070ea00000, 0x000000070ea00000| Complete 
| 235|0x000000070eb00000, 0x000000070ec00000, 0x000000070ec00000|100%| E|CS|TAMS 0x000000070eb00000, 0x000000070eb00000| Complete 
| 236|0x000000070ec00000, 0x000000070ed00000, 0x000000070ed00000|100%| E|CS|TAMS 0x000000070ec00000, 0x000000070ec00000| Complete 
| 237|0x000000070ed00000, 0x000000070ee00000, 0x000000070ee00000|100%| E|CS|TAMS 0x000000070ed00000, 0x000000070ed00000| Complete 
| 238|0x000000070ee00000, 0x000000070ef00000, 0x000000070ef00000|100%| E|CS|TAMS 0x000000070ee00000, 0x000000070ee00000| Complete 
| 239|0x000000070ef00000, 0x000000070f000000, 0x000000070f000000|100%| E|CS|TAMS 0x000000070ef00000, 0x000000070ef00000| Complete 
| 240|0x000000070f000000, 0x000000070f100000, 0x000000070f100000|100%| E|CS|TAMS 0x000000070f000000, 0x000000070f000000| Complete 
| 241|0x000000070f100000, 0x000000070f200000, 0x000000070f200000|100%| E|CS|TAMS 0x000000070f100000, 0x000000070f100000| Complete 
| 242|0x000000070f200000, 0x000000070f300000, 0x000000070f300000|100%| E|CS|TAMS 0x000000070f200000, 0x000000070f200000| Complete 
| 243|0x000000070f300000, 0x000000070f400000, 0x000000070f400000|100%| E|CS|TAMS 0x000000070f300000, 0x000000070f300000| Complete 
| 244|0x000000070f400000, 0x000000070f500000, 0x000000070f500000|100%| E|CS|TAMS 0x000000070f400000, 0x000000070f400000| Complete 
| 245|0x000000070f500000, 0x000000070f600000, 0x000000070f600000|100%| E|CS|TAMS 0x000000070f500000, 0x000000070f500000| Complete 
| 246|0x000000070f600000, 0x000000070f700000, 0x000000070f700000|100%| E|CS|TAMS 0x000000070f600000, 0x000000070f600000| Complete 
| 247|0x000000070f700000, 0x000000070f800000, 0x000000070f800000|100%| E|CS|TAMS 0x000000070f700000, 0x000000070f700000| Complete 
| 248|0x000000070f800000, 0x000000070f900000, 0x000000070f900000|100%| E|CS|TAMS 0x000000070f800000, 0x000000070f800000| Complete 
| 249|0x000000070f900000, 0x000000070fa00000, 0x000000070fa00000|100%| E|CS|TAMS 0x000000070f900000, 0x000000070f900000| Complete 
| 250|0x000000070fa00000, 0x000000070fb00000, 0x000000070fb00000|100%| E|CS|TAMS 0x000000070fa00000, 0x000000070fa00000| Complete 
| 251|0x000000070fb00000, 0x000000070fc00000, 0x000000070fc00000|100%| E|CS|TAMS 0x000000070fb00000, 0x000000070fb00000| Complete 
| 252|0x000000070fc00000, 0x000000070fd00000, 0x000000070fd00000|100%| E|CS|TAMS 0x000000070fc00000, 0x000000070fc00000| Complete 
| 253|0x000000070fd00000, 0x000000070fe00000, 0x000000070fe00000|100%| E|CS|TAMS 0x000000070fd00000, 0x000000070fd00000| Complete 
| 254|0x000000070fe00000, 0x000000070ff00000, 0x000000070ff00000|100%| E|CS|TAMS 0x000000070fe00000, 0x000000070fe00000| Complete 
| 255|0x000000070ff00000, 0x0000000710000000, 0x0000000710000000|100%| E|CS|TAMS 0x000000070ff00000, 0x000000070ff00000| Complete 

Card table byte_map: [0x000000010af16000,0x000000010b716000] _byte_map_base: 0x0000000107716000

Marking Bits (Prev, Next): (CMBitMap*) 0x00007f8540040850, (CMBitMap*) 0x00007f8540040818
 Prev Bits: [0x000000011f722000, 0x0000000123722000)
 Next Bits: [0x000000011b722000, 0x000000011f722000)

Polling page: 0x0000000100c4e000

Metaspace:

Usage:
  Non-class:     19.59 MB capacity,    19.19 MB ( 98%) used,   323.75 KB (  2%) free+waste,    82.00 KB ( <1%) overhead. 
      Class:      3.04 MB capacity,     2.72 MB ( 89%) used,   286.31 KB (  9%) free+waste,    42.12 KB (  1%) overhead. 
       Both:     22.63 MB capacity,    21.91 MB ( 97%) used,   610.06 KB (  3%) free+waste,   124.12 KB ( <1%) overhead. 

Virtual space:
  Non-class space:       20.00 MB reserved,      19.67 MB ( 98%) committed 
      Class space:        1.00 GB reserved,       3.12 MB ( <1%) committed 
             Both:        1.02 GB reserved,      22.80 MB (  2%) committed 

Chunk freelists:
   Non-Class:  49.00 KB
       Class:  0 bytes
        Both:  49.00 KB

MaxMetaspaceSize: unlimited
CompressedClassSpaceSize: 1.00 GB
Initial GC threshold: 20.80 MB
Current GC threshold: 35.08 MB
CDS: off

CodeHeap 'non-profiled nmethods': size=120032Kb used=1520Kb max_used=1520Kb free=118511Kb
 bounds [0x00000001139ea000, 0x0000000113c5a000, 0x000000011af22000]
CodeHeap 'profiled nmethods': size=120028Kb used=4812Kb max_used=4812Kb free=115215Kb
 bounds [0x000000010c4b3000, 0x000000010c973000, 0x00000001139ea000]
CodeHeap 'non-nmethods': size=5700Kb used=1445Kb max_used=1483Kb free=4254Kb
 bounds [0x000000010bf22000, 0x000000010c192000, 0x000000010c4b3000]
 total_blobs=3593 nmethods=2812 adapters=694
 compilation: enabled
              stopped_count=0, restarted_count=0
 full_count=0

Compilation events (20 events):
Event: 4.842 Thread 0x00007f853fdcc000 nmethod 2802% 0x0000000113b62b90 code [0x0000000113b62d60, 0x0000000113b639f8]
Event: 4.842 Thread 0x00007f853fdcc000 2803       4       com.sun.marlin.DStroker::computeOffsetQuad (454 bytes)
Event: 4.852 Thread 0x00007f853f83a000 2805       3       com.sun.marlin.DRenderer::quadBreakIntoLinesAndAdd (252 bytes)
Event: 4.853 Thread 0x00007f853f83a000 nmethod 2805 0x000000010c963310 code [0x000000010c963540, 0x000000010c9639f0]
Event: 4.861 Thread 0x00007f853fdcc000 nmethod 2803 0x0000000113b64210 code [0x0000000113b64480, 0x0000000113b650f8]
Event: 4.862 Thread 0x00007f853fdcc000 2806 %     4       java.util.Arrays::fill @ 10 (28 bytes)
Event: 4.874 Thread 0x00007f853fdcc000 nmethod 2806% 0x0000000113b65e10 code [0x0000000113b65fa0, 0x0000000113b66198]
Event: 4.874 Thread 0x00007f853fdcc000 2808       4       com.sun.marlin.MaskMarlinAlphaConsumer::setAndClearRelativeAlphas (641 bytes)
Event: 4.889 Thread 0x00007f853f83a000 2810       3       com.sun.javafx.tk.quantum.QuantumToolkit::getMultiClickMaxX (4 bytes)
Event: 4.890 Thread 0x00007f853f83a000 nmethod 2810 0x000000010c963d10 code [0x000000010c963ee0, 0x000000010c964190]
Event: 4.890 Thread 0x00007f853f83a000 2811       3       com.sun.glass.ui.View::getMultiClickMaxX (10 bytes)
Event: 4.890 Thread 0x00007f853f83a000 nmethod 2811 0x000000010c964290 code [0x000000010c9644a0, 0x000000010c964900]
Event: 4.890 Thread 0x00007f853f83a000 2812       3       com.sun.glass.ui.mac.MacApplication::staticView_getMultiClickMaxX (4 bytes)
Event: 4.890 Thread 0x00007f853f83a000 nmethod 2812 0x000000010c964a90 code [0x000000010c964c40, 0x000000010c964d90]
Event: 4.890 Thread 0x00007f853f83a000 2813       3       com.sun.glass.ui.mac.MacView::getMultiClickMaxX_impl (4 bytes)
Event: 4.890 Thread 0x00007f853f83a000 nmethod 2813 0x000000010c964e90 code [0x000000010c965040, 0x000000010c965110]
Event: 4.890 Thread 0x00007f853f83a000 2809       3       com.sun.javafx.geom.Vec3d::<init> (5 bytes)
Event: 4.891 Thread 0x00007f853f83a000 nmethod 2809 0x000000010c965190 code [0x000000010c965340, 0x000000010c965490]
Event: 4.910 Thread 0x00007f853f83a000 2814       3       java.util.concurrent.atomic.AtomicBoolean::set (14 bytes)
Event: 4.910 Thread 0x00007f853f83a000 nmethod 2814 0x000000010c965590 code [0x000000010c965740, 0x000000010c965890]

GC Heap History (4 events):
Event: 0.940 GC heap before
{Heap before GC invocations=0 (full 0):
 garbage-first heap   total 262144K, used 23552K [0x0000000700000000, 0x0000000800000000)
  region size 1024K, 24 young (24576K), 0 survivors (0K)
 Metaspace       used 12350K, capacity 12705K, committed 12928K, reserved 1060864K
  class space    used 1416K, capacity 1545K, committed 1664K, reserved 1048576K
}
Event: 0.946 GC heap after
{Heap after GC invocations=1 (full 0):
 garbage-first heap   total 262144K, used 2823K [0x0000000700000000, 0x0000000800000000)
  region size 1024K, 3 young (3072K), 3 survivors (3072K)
 Metaspace       used 12350K, capacity 12705K, committed 12928K, reserved 1060864K
  class space    used 1416K, capacity 1545K, committed 1664K, reserved 1048576K
}
Event: 2.051 GC heap before
{Heap before GC invocations=1 (full 0):
 garbage-first heap   total 262144K, used 48903K [0x0000000700000000, 0x0000000800000000)
  region size 1024K, 42 young (43008K), 3 survivors (3072K)
 Metaspace       used 20610K, capacity 21194K, committed 21296K, reserved 1067008K
  class space    used 2643K, capacity 2907K, committed 2944K, reserved 1048576K
}
Event: 2.062 GC heap after
{Heap after GC invocations=2 (full 0):
 garbage-first heap   total 262144K, used 14009K [0x0000000700000000, 0x0000000800000000)
  region size 1024K, 7 young (7168K), 7 survivors (7168K)
 Metaspace       used 20610K, capacity 21194K, committed 21296K, reserved 1067008K
  class space    used 2643K, capacity 2907K, committed 2944K, reserved 1048576K
}

Deoptimization events (20 events):
Event: 4.825 Thread 0x00007f853eb26000 DEOPT PACKING pc=0x000000010c954ab2 sp=0x0000700010dcfe70
Event: 4.825 Thread 0x00007f853eb26000 DEOPT UNPACKING pc=0x000000010bf6c64a sp=0x0000700010dcf2f8 mode 0
Event: 4.825 Thread 0x00007f853eb26000 DEOPT PACKING pc=0x000000010c954ab2 sp=0x0000700010dcfe70
Event: 4.825 Thread 0x00007f853eb26000 DEOPT UNPACKING pc=0x000000010bf6c64a sp=0x0000700010dcf2f8 mode 0
Event: 4.826 Thread 0x00007f853eb26000 DEOPT PACKING pc=0x000000010c954ab2 sp=0x0000700010dcfe70
Event: 4.826 Thread 0x00007f853eb26000 DEOPT UNPACKING pc=0x000000010bf6c64a sp=0x0000700010dcf2f8 mode 0
Event: 4.837 Thread 0x00007f853eb26000 DEOPT PACKING pc=0x000000010c954a16 sp=0x0000700010dcfe70
Event: 4.837 Thread 0x00007f853eb26000 DEOPT UNPACKING pc=0x000000010bf6c64a sp=0x0000700010dcf2f8 mode 0
Event: 4.845 Thread 0x00007f853eb26000 Uncommon trap: trap_request=0xffffff4d fr.pc=0x0000000113b1eb58 relative=0x00000000000001d8
Event: 4.845 Thread 0x00007f853eb26000 Uncommon trap: reason=unstable_if action=reinterpret pc=0x0000000113b1eb58 method=com.sun.marlin.DRenderer.quadBreakIntoLinesAndAdd(DDLcom/sun/marlin/DCurve;DD)V @ 84 c2
Event: 4.845 Thread 0x00007f853eb26000 DEOPT PACKING pc=0x0000000113b1eb58 sp=0x0000700010dcfef0
Event: 4.845 Thread 0x00007f853eb26000 DEOPT UNPACKING pc=0x000000010bf6bea5 sp=0x0000700010dcfde8 mode 2
Event: 4.866 Thread 0x00007f853eb26000 DEOPT PACKING pc=0x000000010c954aeb sp=0x0000700010dcfe40
Event: 4.866 Thread 0x00007f853eb26000 DEOPT UNPACKING pc=0x000000010bf6c64a sp=0x0000700010dcf2c8 mode 0
Event: 4.866 Thread 0x00007f853eb26000 DEOPT PACKING pc=0x000000010c9549f5 sp=0x0000700010dcfe40
Event: 4.866 Thread 0x00007f853eb26000 DEOPT UNPACKING pc=0x000000010bf6c64a sp=0x0000700010dcf2b8 mode 0
Event: 4.875 Thread 0x00007f853eb26000 DEOPT PACKING pc=0x000000010c9549f5 sp=0x0000700010dcfe40
Event: 4.875 Thread 0x00007f853eb26000 DEOPT UNPACKING pc=0x000000010bf6c64a sp=0x0000700010dcf2b8 mode 0
Event: 4.877 Thread 0x00007f853eb26000 DEOPT PACKING pc=0x000000010c954aeb sp=0x0000700010dcfe40
Event: 4.877 Thread 0x00007f853eb26000 DEOPT UNPACKING pc=0x000000010bf6c64a sp=0x0000700010dcf2c8 mode 0

Classes redefined (0 events):
No events

Internal exceptions (20 events):
Event: 2.018 Thread 0x00007f853fbe6800 Exception <a 'java/lang/NoSuchMethodError'{0x000000070d8dc558}: 'java.lang.Object java.lang.invoke.DirectMethodHandle$Holder.invokeStatic(java.lang.Object, java.lang.Object, double)'> (0x000000070d8dc558) thrown at [./src/hotspot/share/interpreter/linkResolver.cpp, line 773]
Event: 2.340 Thread 0x00007f853fbe6800 Exception <a 'java/lang/NoSuchMethodError'{0x000000070fb96d40}: 'java.lang.Object java.lang.invoke.DirectMethodHandle$Holder.invokeStatic(java.lang.Object, java.lang.Object, long, int, int, int)'> (0x000000070fb96d40) thrown at [./src/hotspot/share/interpreter/linkResolver.cpp, line 773]
Event: 2.342 Thread 0x00007f853fbe6800 Exception <a 'java/lang/NoSuchMethodError'{0x000000070fbaa9a8}: 'java.lang.Object java.lang.invoke.DirectMethodHandle$Holder.invokeStatic(java.lang.Object, java.lang.Object, int, java.lang.Object, long, int, int, int, int)'> (0x000000070fbaa9a8) thrown at [./src/hotspot/share/interpreter/linkResolver.cpp, line 773]
Event: 3.375 Thread 0x00007f853fbe6800 Exception <a 'java/lang/NullPointerException'{0x000000070ea2fac0}> (0x000000070ea2fac0) thrown at [./src/hotspot/share/interpreter/linkResolver.cpp, line 1440]
Event: 3.953 Thread 0x00007f853fbe6800 Exception <a 'java/io/FileNotFoundException'{0x000000070ea53390}> (0x000000070ea53390) thrown at [./src/hotspot/share/prims/jni.cpp, line 615]
Event: 3.963 Thread 0x00007f853fbe6800 Exception <a 'java/io/FileNotFoundException'{0x000000070ea63658}> (0x000000070ea63658) thrown at [./src/hotspot/share/prims/jni.cpp, line 615]
Event: 3.972 Thread 0x00007f853fbe6800 Exception <a 'java/io/FileNotFoundException'{0x000000070ea73178}> (0x000000070ea73178) thrown at [./src/hotspot/share/prims/jni.cpp, line 615]
Event: 3.979 Thread 0x00007f853fbe6800 Exception <a 'java/io/FileNotFoundException'{0x000000070dd01020}> (0x000000070dd01020) thrown at [./src/hotspot/share/prims/jni.cpp, line 615]
Event: 3.987 Thread 0x00007f853fbe6800 Exception <a 'java/io/FileNotFoundException'{0x000000070dd10508}> (0x000000070dd10508) thrown at [./src/hotspot/share/prims/jni.cpp, line 615]
Event: 3.996 Thread 0x00007f853fbe6800 Exception <a 'java/io/FileNotFoundException'{0x000000070dd20880}> (0x000000070dd20880) thrown at [./src/hotspot/share/prims/jni.cpp, line 615]
Event: 4.009 Thread 0x00007f853fbe6800 Exception <a 'java/io/FileNotFoundException'{0x000000070dd30be8}> (0x000000070dd30be8) thrown at [./src/hotspot/share/prims/jni.cpp, line 615]
Event: 4.018 Thread 0x00007f853fbe6800 Exception <a 'java/io/FileNotFoundException'{0x000000070dd5fd78}> (0x000000070dd5fd78) thrown at [./src/hotspot/share/prims/jni.cpp, line 615]
Event: 4.028 Thread 0x00007f853fbe6800 Exception <a 'java/io/FileNotFoundException'{0x000000070dd6fff0}> (0x000000070dd6fff0) thrown at [./src/hotspot/share/prims/jni.cpp, line 615]
Event: 4.038 Thread 0x00007f853fbe6800 Exception <a 'java/io/FileNotFoundException'{0x000000070dd7fa80}> (0x000000070dd7fa80) thrown at [./src/hotspot/share/prims/jni.cpp, line 615]
Event: 4.047 Thread 0x00007f853fbe6800 Exception <a 'java/io/FileNotFoundException'{0x000000070dd8fcb0}> (0x000000070dd8fcb0) thrown at [./src/hotspot/share/prims/jni.cpp, line 615]
Event: 4.066 Thread 0x00007f853fbe6800 Exception <a 'java/io/FileNotFoundException'{0x000000070dd9f108}> (0x000000070dd9f108) thrown at [./src/hotspot/share/prims/jni.cpp, line 615]
Event: 4.078 Thread 0x00007f853fbe6800 Exception <a 'java/io/FileNotFoundException'{0x000000070ddaf3f0}> (0x000000070ddaf3f0) thrown at [./src/hotspot/share/prims/jni.cpp, line 615]
Event: 4.092 Thread 0x00007f853fbe6800 Exception <a 'sun/nio/fs/UnixException'{0x000000070ddde450}> (0x000000070ddde450) thrown at [./src/hotspot/share/prims/jni.cpp, line 615]
Event: 4.100 Thread 0x00007f853fbe6800 Exception <a 'java/io/FileNotFoundException'{0x000000070dc20f40}> (0x000000070dc20f40) thrown at [./src/hotspot/share/prims/jni.cpp, line 615]
Event: 4.149 Thread 0x00007f853fbe6800 Exception <a 'java/io/FileNotFoundException'{0x000000070dc59da8}> (0x000000070dc59da8) thrown at [./src/hotspot/share/prims/jni.cpp, line 615]

Events (20 events):
Event: 4.094 loading class javafx/event/Event done
Event: 4.094 loading class school/tower/defense/Classes/Game
Event: 4.094 loading class school/tower/defense/Classes/Game done
Event: 4.094 loading class javafx/scene/input/MouseEvent
Event: 4.094 loading class javafx/scene/input/MouseEvent done
Event: 4.094 loading class school/tower/defense/App
Event: 4.094 loading class school/tower/defense/App done
Event: 4.095 loading class javafx/event/Event
Event: 4.095 loading class javafx/event/Event done
Event: 4.095 loading class javafx/event/ActionEvent
Event: 4.095 loading class javafx/event/ActionEvent done
Event: 4.095 loading class javafx/event/ActionEvent
Event: 4.095 loading class javafx/event/ActionEvent done
Event: 4.095 loading class school/tower/defense/App
Event: 4.095 loading class school/tower/defense/App done
Event: 4.894 Executing VM operation: RevokeBias
Event: 4.904 Executing VM operation: RevokeBias done
Event: 4.906 Executing VM operation: RevokeBias
Event: 4.908 Executing VM operation: RevokeBias done
Event: 4.910 Executing VM operation: RevokeBias


Dynamic libraries:
0x0000000100c50000 	/Library/Java/JavaVirtualMachines/temurin-11.jdk/Contents/Home/lib/jli/libjli.dylib
0x00007ff824e3a000 	/System/Library/Frameworks/Cocoa.framework/Versions/A/Cocoa
0x00007ff810cab000 	/System/Library/Frameworks/AppKit.framework/Versions/C/AppKit
0x00007ff8141a7000 	/System/Library/Frameworks/CoreData.framework/Versions/A/CoreData
0x00007ff80f0c2000 	/System/Library/Frameworks/Foundation.framework/Versions/C/Foundation
0x00007ff818f6f000 	/usr/lib/libSystem.B.dylib
0x00007ff811b3d000 	/System/Library/PrivateFrameworks/UIFoundation.framework/Versions/A/UIFoundation
0x00007ff81ede6000 	/System/Library/PrivateFrameworks/RemoteViewServices.framework/Versions/A/RemoteViewServices
0x00007ff8171d1000 	/System/Library/PrivateFrameworks/XCTTargetBootstrap.framework/Versions/A/XCTTargetBootstrap
0x00007ff81ad7f000 	/System/Library/PrivateFrameworks/InternationalSupport.framework/Versions/A/InternationalSupport
0x00007ff81ae09000 	/System/Library/PrivateFrameworks/UserActivity.framework/Versions/A/UserActivity
0x00007ff81a15f000 	/usr/lib/libspindump.dylib
0x00007ff811dcb000 	/System/Library/Frameworks/UniformTypeIdentifiers.framework/Versions/A/UniformTypeIdentifiers
0x00007ff81590a000 	/usr/lib/libapp_launch_measurement.dylib
0x00007ff814b73000 	/System/Library/PrivateFrameworks/CoreAnalytics.framework/Versions/A/CoreAnalytics
0x00007ff81590d000 	/System/Library/PrivateFrameworks/CoreAutoLayout.framework/Versions/A/CoreAutoLayout
0x00007ff816b2d000 	/System/Library/Frameworks/Metal.framework/Versions/A/Metal
0x00007ff817847000 	/usr/lib/liblangid.dylib
0x00007ff8171d5000 	/System/Library/PrivateFrameworks/CoreSVG.framework/Versions/A/CoreSVG
0x00007ff813192000 	/System/Library/PrivateFrameworks/SkyLight.framework/Versions/A/SkyLight
0x00007ff813528000 	/System/Library/Frameworks/CoreGraphics.framework/Versions/A/CoreGraphics
0x00007ff81f455000 	/System/Library/Frameworks/Accelerate.framework/Versions/A/Accelerate
0x00007ff819bda000 	/System/Library/PrivateFrameworks/IconServices.framework/Versions/A/IconServices
0x00007ff816b12000 	/System/Library/Frameworks/IOSurface.framework/Versions/A/IOSurface
0x00007ff814ba1000 	/usr/lib/libDiagnosticMessagesClient.dylib
0x00007ff818e8f000 	/usr/lib/libz.1.dylib
0x00007ff822ac6000 	/System/Library/Frameworks/ApplicationServices.framework/Versions/A/ApplicationServices
0x00007ff8171bd000 	/System/Library/PrivateFrameworks/DFRFoundation.framework/Versions/A/DFRFoundation
0x00007ff81059c000 	/usr/lib/libicucore.A.dylib
0x00007ff81baa4000 	/System/Library/Frameworks/AudioToolbox.framework/Versions/A/AudioToolbox
0x00007ff81ad8b000 	/System/Library/PrivateFrameworks/DataDetectorsCore.framework/Versions/A/DataDetectorsCore
0x00007ff9166e3000 	/System/Library/PrivateFrameworks/TextInput.framework/Versions/A/TextInput
0x00007ff813116000 	/usr/lib/libMobileGestalt.dylib
0x00007ff816ec5000 	/System/Library/Frameworks/Carbon.framework/Versions/A/Frameworks/HIToolbox.framework/Versions/A/HIToolbox
0x00007ff815337000 	/System/Library/Frameworks/QuartzCore.framework/Versions/A/QuartzCore
0x00007ff81023c000 	/System/Library/Frameworks/Security.framework/Versions/A/Security
0x00007ff81ee1e000 	/System/Library/Frameworks/Carbon.framework/Versions/A/Frameworks/SpeechRecognition.framework/Versions/A/SpeechRecognition
0x00007ff81566a000 	/System/Library/PrivateFrameworks/CoreUI.framework/Versions/A/CoreUI
0x00007ff80fb14000 	/System/Library/Frameworks/CoreAudio.framework/Versions/A/CoreAudio
0x00007ff814c8f000 	/System/Library/Frameworks/DiskArbitration.framework/Versions/A/DiskArbitration
0x00007ff81a546000 	/System/Library/PrivateFrameworks/MultitouchSupport.framework/Versions/A/MultitouchSupport
0x00007ff813115000 	/usr/lib/libenergytrace.dylib
0x00007ff810b97000 	/System/Library/Frameworks/IOKit.framework/Versions/A/IOKit
0x00007ff81f20a000 	/System/Library/Frameworks/CoreServices.framework/Versions/A/CoreServices
0x00007ff8158a4000 	/System/Library/PrivateFrameworks/PerformanceAnalysis.framework/Versions/A/PerformanceAnalysis
0x00007ffa25eb3000 	/System/Library/Frameworks/OpenGL.framework/Versions/A/OpenGL
0x00007ff8184bc000 	/System/Library/PrivateFrameworks/MobileKeyBag.framework/Versions/A/MobileKeyBag
0x00007ff80e083000 	/usr/lib/libobjc.A.dylib
0x00007ff813bf4000 	/System/Library/Frameworks/ColorSync.framework/Versions/A/ColorSync
0x00007ff80e23c000 	/System/Library/Frameworks/CoreFoundation.framework/Versions/A/CoreFoundation
0x00007ff81744e000 	/System/Library/Frameworks/CoreImage.framework/Versions/A/CoreImage
0x00007ff80f92a000 	/System/Library/Frameworks/CoreText.framework/Versions/A/CoreText
0x00007ff817204000 	/System/Library/Frameworks/ImageIO.framework/Versions/A/ImageIO
0x00007ff818f75000 	/System/Library/PrivateFrameworks/SoftLinking.framework/Versions/A/SoftLinking
0x00007ff815955000 	/usr/lib/libxml2.2.dylib
0x00007ff80e149000 	/usr/lib/libc++.1.dylib
0x00007ff8191f9000 	/usr/lib/libcompression.dylib
0x00007ff81acb5000 	/System/Library/PrivateFrameworks/TextureIO.framework/Versions/A/TextureIO
0x00007ff8198ec000 	/usr/lib/libate.dylib
0x00007ff818f6a000 	/usr/lib/system/libcache.dylib
0x00007ff818f26000 	/usr/lib/system/libcommonCrypto.dylib
0x00007ff818f4f000 	/usr/lib/system/libcompiler_rt.dylib
0x00007ff818f45000 	/usr/lib/system/libcopyfile.dylib
0x00007ff80df7d000 	/usr/lib/system/libcorecrypto.dylib
0x00007ff80e03c000 	/usr/lib/system/libdispatch.dylib
0x00007ff80e1fb000 	/usr/lib/system/libdyld.dylib
0x00007ff818f61000 	/usr/lib/system/libkeymgr.dylib
0x00007ff818f04000 	/usr/lib/system/libmacho.dylib
0x00007ff818590000 	/usr/lib/system/libquarantine.dylib
0x00007ff818f5f000 	/usr/lib/system/libremovefile.dylib
0x00007ff813162000 	/usr/lib/system/libsystem_asl.dylib
0x00007ff80df2b000 	/usr/lib/system/libsystem_blocks.dylib
0x00007ff80e0c0000 	/usr/lib/system/libsystem_c.dylib
0x00007ff818f57000 	/usr/lib/system/libsystem_collections.dylib
0x00007ff817838000 	/usr/lib/system/libsystem_configuration.dylib
0x00007ff816af5000 	/usr/lib/system/libsystem_containermanager.dylib
0x00007ff818c41000 	/usr/lib/system/libsystem_coreservices.dylib
0x00007ff810825000 	/usr/lib/system/libsystem_darwin.dylib
0x00007ff818f62000 	/usr/lib/system/libsystem_dnssd.dylib
0x00007ff80e0bd000 	/usr/lib/system/libsystem_featureflags.dylib
0x00007ff80e211000 	/usr/lib/system/libsystem_info.dylib
0x00007ff818ea2000 	/usr/lib/system/libsystem_m.dylib
0x00007ff80e010000 	/usr/lib/system/libsystem_malloc.dylib
0x00007ff8130ff000 	/usr/lib/system/libsystem_networkextension.dylib
0x00007ff810c4d000 	/usr/lib/system/libsystem_notify.dylib
0x00007ff81f0df000 	/usr/lib/system/libsystem_product_info_filter.dylib
0x00007ff81783c000 	/usr/lib/system/libsystem_sandbox.dylib
0x00007ff818f5c000 	/usr/lib/system/libsystem_secinit.dylib
0x00007ff80e1b8000 	/usr/lib/system/libsystem_kernel.dylib
0x00007ff80e207000 	/usr/lib/system/libsystem_platform.dylib
0x00007ff80e1ef000 	/usr/lib/system/libsystem_pthread.dylib
0x00007ff8149ba000 	/usr/lib/system/libsystem_symptoms.dylib
0x00007ff80df64000 	/usr/lib/system/libsystem_trace.dylib
0x00007ff818f32000 	/usr/lib/system/libunwind.dylib
0x00007ff80df2d000 	/usr/lib/system/libxpc.dylib
0x00007ff80e1a2000 	/usr/lib/libc++abi.dylib
0x00007ff818f3d000 	/usr/lib/liboah.dylib
0x00007ff8196ca000 	/usr/lib/liblzma.5.dylib
0x00007ff80edd3000 	/System/Library/Frameworks/SystemConfiguration.framework/Versions/A/SystemConfiguration
0x00007ff818f71000 	/usr/lib/libfakelink.dylib
0x00007ff812c68000 	/System/Library/Frameworks/CFNetwork.framework/Versions/A/CFNetwork
0x00007ff8190b0000 	/usr/lib/libarchive.2.dylib
0x00007ff817843000 	/System/Library/PrivateFrameworks/AppleSystemInfo.framework/Versions/A/AppleSystemInfo
0x00007ff8185b7000 	/usr/lib/libbsm.0.dylib
0x00007ff81229e000 	/usr/lib/libnetwork.dylib
0x00007ff818f0a000 	/usr/lib/system/libkxld.dylib
0x00007ff8181e5000 	/System/Library/PrivateFrameworks/IOMobileFramebuffer.framework/Versions/A/IOMobileFramebuffer
0x00007ffb23cd8000 	/usr/lib/libCoreEntitlements.dylib
0x00007ff818c23000 	/System/Library/PrivateFrameworks/AppleFSCompression.framework/Versions/A/AppleFSCompression
0x00007ff81859f000 	/usr/lib/libcoretls.dylib
0x00007ff8196e4000 	/usr/lib/libcoretls_cfhelpers.dylib
0x00007ff8191f4000 	/usr/lib/libpam.2.dylib
0x00007ff8145dc000 	/usr/lib/libsqlite3.dylib
0x00007ff819753000 	/usr/lib/libxar.1.dylib
0x00007ff818c33000 	/usr/lib/libbz2.1.0.dylib
0x00007ff818f76000 	/usr/lib/libpcap.A.dylib
0x00007ff8149b1000 	/usr/lib/libdns_services.dylib
0x00007ff8191c3000 	/usr/lib/libapple_nghttp2.dylib
0x00007ff818fad000 	/usr/lib/libiconv.2.dylib
0x00007ff818f03000 	/usr/lib/libcharset.1.dylib
0x00007ff8158d8000 	/System/Library/Frameworks/CoreServices.framework/Versions/A/Frameworks/FSEvents.framework/Versions/A/FSEvents
0x00007ff81082f000 	/System/Library/Frameworks/CoreServices.framework/Versions/A/Frameworks/CarbonCore.framework/Versions/A/CarbonCore
0x00007ff814bf4000 	/System/Library/Frameworks/CoreServices.framework/Versions/A/Frameworks/Metadata.framework/Versions/A/Metadata
0x00007ff818c46000 	/System/Library/Frameworks/CoreServices.framework/Versions/A/Frameworks/OSServices.framework/Versions/A/OSServices
0x00007ff819137000 	/System/Library/Frameworks/CoreServices.framework/Versions/A/Frameworks/SearchKit.framework/Versions/A/SearchKit
0x00007ff814943000 	/System/Library/Frameworks/CoreServices.framework/Versions/A/Frameworks/AE.framework/Versions/A/AE
0x00007ff80e73f000 	/System/Library/Frameworks/CoreServices.framework/Versions/A/Frameworks/LaunchServices.framework/Versions/A/LaunchServices
0x00007ff81967b000 	/System/Library/Frameworks/CoreServices.framework/Versions/A/Frameworks/DictionaryServices.framework/Versions/A/DictionaryServices
0x00007ff8158e5000 	/System/Library/Frameworks/CoreServices.framework/Versions/A/Frameworks/SharedFileList.framework/Versions/A/SharedFileList
0x00007ff818593000 	/usr/lib/libCheckFix.dylib
0x00007ff813179000 	/System/Library/PrivateFrameworks/TCC.framework/Versions/A/TCC
0x00007ff817849000 	/System/Library/PrivateFrameworks/CoreNLP.framework/Versions/A/CoreNLP
0x00007ff814ba4000 	/System/Library/PrivateFrameworks/MetadataUtilities.framework/Versions/A/MetadataUtilities
0x00007ff80ee83000 	/usr/lib/libmecabra.dylib
0x00007ff8185c7000 	/usr/lib/libmecab.dylib
0x00007ff80ee4e000 	/usr/lib/libCRFSuite.dylib
0x00007ff818624000 	/usr/lib/libgermantok.dylib
0x00007ff81919e000 	/usr/lib/libThaiTokenizer.dylib
0x00007ff814c96000 	/System/Library/Frameworks/Accelerate.framework/Versions/A/Frameworks/vImage.framework/Versions/A/vImage
0x00007ff81f1e1000 	/System/Library/Frameworks/Accelerate.framework/Versions/A/Frameworks/vecLib.framework/Versions/A/vecLib
0x00007ff819794000 	/System/Library/Frameworks/Accelerate.framework/Versions/A/Frameworks/vecLib.framework/Versions/A/libvMisc.dylib
0x00007ff818003000 	/System/Library/Frameworks/Accelerate.framework/Versions/A/Frameworks/vecLib.framework/Versions/A/libvDSP.dylib
0x00007ff80eab7000 	/System/Library/Frameworks/Accelerate.framework/Versions/A/Frameworks/vecLib.framework/Versions/A/libBLAS.dylib
0x00007ff8192d5000 	/System/Library/Frameworks/Accelerate.framework/Versions/A/Frameworks/vecLib.framework/Versions/A/libLAPACK.dylib
0x00007ff818627000 	/System/Library/Frameworks/Accelerate.framework/Versions/A/Frameworks/vecLib.framework/Versions/A/libLinearAlgebra.dylib
0x00007ff8191dc000 	/System/Library/Frameworks/Accelerate.framework/Versions/A/Frameworks/vecLib.framework/Versions/A/libSparseBLAS.dylib
0x00007ff8192cf000 	/System/Library/Frameworks/Accelerate.framework/Versions/A/Frameworks/vecLib.framework/Versions/A/libQuadrature.dylib
0x00007ff817933000 	/System/Library/Frameworks/Accelerate.framework/Versions/A/Frameworks/vecLib.framework/Versions/A/libBNNS.dylib
0x00007ff80ed64000 	/System/Library/Frameworks/Accelerate.framework/Versions/A/Frameworks/vecLib.framework/Versions/A/libSparse.dylib
0x00007ff81792c000 	/System/Library/PrivateFrameworks/LinguisticData.framework/Versions/A/LinguisticData
0x00007ff80ed19000 	/System/Library/PrivateFrameworks/Lexicon.framework/Versions/A/Lexicon
0x00007ff81978d000 	/usr/lib/libChineseTokenizer.dylib
0x00007ff80f47d000 	/System/Library/PrivateFrameworks/LanguageModeling.framework/Versions/A/LanguageModeling
0x00007ff8191a0000 	/System/Library/PrivateFrameworks/AppleSauce.framework/Versions/A/AppleSauce
0x00007ff8181d3000 	/System/Library/PrivateFrameworks/CoreEmoji.framework/Versions/A/CoreEmoji
0x00007ff81909f000 	/usr/lib/libcmph.dylib
0x00007ff8158bc000 	/System/Library/Frameworks/OpenDirectory.framework/Versions/A/Frameworks/CFOpenDirectory.framework/Versions/A/CFOpenDirectory
0x00007ff8158b0000 	/System/Library/Frameworks/OpenDirectory.framework/Versions/A/OpenDirectory
0x00007ff8196e6000 	/System/Library/PrivateFrameworks/APFS.framework/Versions/A/APFS
0x00007ff8184f4000 	/System/Library/Frameworks/SecurityFoundation.framework/Versions/A/SecurityFoundation
0x00007ff819761000 	/usr/lib/libutil.dylib
0x00007ff810b5a000 	/System/Library/PrivateFrameworks/CoreServicesStore.framework/Versions/A/CoreServicesStore
0x00007ff819765000 	/usr/lib/libxslt.1.dylib
0x00007ff818581000 	/System/Library/PrivateFrameworks/BackgroundTaskManagement.framework/Versions/A/BackgroundTaskManagement
0x00007ff81abd5000 	/System/Library/Frameworks/ImageIO.framework/Versions/A/Resources/libRadiance.dylib
0x00007ff81abde000 	/System/Library/Frameworks/ImageIO.framework/Versions/A/Resources/libJPEG.dylib
0x00007ff81ab2e000 	/System/Library/Frameworks/ImageIO.framework/Versions/A/Resources/libPng.dylib
0x00007ff81ab4f000 	/System/Library/Frameworks/ImageIO.framework/Versions/A/Resources/libTIFF.dylib
0x00007ff81ac3e000 	/System/Library/Frameworks/ImageIO.framework/Versions/A/Resources/libGIF.dylib
0x00007ff81a45f000 	/System/Library/Frameworks/ImageIO.framework/Versions/A/Resources/libJP2.dylib
0x00007ff819ba1000 	/usr/lib/libexpat.1.dylib
0x00007ff81a414000 	/System/Library/PrivateFrameworks/AppleJPEG.framework/Versions/A/AppleJPEG
0x00007ff816d88000 	/System/Library/PrivateFrameworks/FontServices.framework/libFontParser.dylib
0x00007ff8148ed000 	/System/Library/PrivateFrameworks/RunningBoardServices.framework/Versions/A/RunningBoardServices
0x00007ff8253b6000 	/System/Library/PrivateFrameworks/IOSurfaceAccelerator.framework/Versions/A/IOSurfaceAccelerator
0x00007ff81a542000 	/System/Library/PrivateFrameworks/WatchdogClient.framework/Versions/A/WatchdogClient
0x00007ff80f56c000 	/System/Library/Frameworks/CoreDisplay.framework/Versions/A/CoreDisplay
0x00007ff816c87000 	/System/Library/Frameworks/CoreMedia.framework/Versions/A/CoreMedia
0x00007ff816b24000 	/System/Library/PrivateFrameworks/IOAccelerator.framework/Versions/A/IOAccelerator
0x00007ff815a38000 	/System/Library/Frameworks/CoreVideo.framework/Versions/A/CoreVideo
0x00007ff8191f2000 	/System/Library/Frameworks/MetalPerformanceShaders.framework/Versions/A/MetalPerformanceShaders
0x00007ff81a57d000 	/System/Library/Frameworks/VideoToolbox.framework/Versions/A/VideoToolbox
0x00007ff814835000 	/System/Library/PrivateFrameworks/BaseBoard.framework/Versions/A/BaseBoard
0x00007ff8145c2000 	/System/Library/PrivateFrameworks/ProtocolBuffer.framework/Versions/A/ProtocolBuffer
0x00007ff81abce000 	/System/Library/PrivateFrameworks/GPUWrangler.framework/Versions/A/GPUWrangler
0x00007ff81abb1000 	/System/Library/PrivateFrameworks/IOPresentment.framework/Versions/A/IOPresentment
0x00007ff81abd8000 	/System/Library/PrivateFrameworks/DSExternalDisplay.framework/Versions/A/DSExternalDisplay
0x00007ffa25ea7000 	/System/Library/Frameworks/OpenGL.framework/Versions/A/Libraries/libCoreFSCache.dylib
0x00007ffb11f48000 	/System/Library/PrivateFrameworks/GPUCompiler.framework/Versions/31001/Libraries/libGPUCompilerUtils.dylib
0x00007ff81ac43000 	/System/Library/PrivateFrameworks/CMCaptureCore.framework/Versions/A/CMCaptureCore
0x00007ff81a14d000 	/System/Library/PrivateFrameworks/AppServerSupport.framework/Versions/A/AppServerSupport
0x00007ff81c32a000 	/System/Library/PrivateFrameworks/perfdata.framework/Versions/A/perfdata
0x00007ff80f698000 	/System/Library/PrivateFrameworks/AudioToolboxCore.framework/Versions/A/AudioToolboxCore
0x00007ff816c64000 	/System/Library/PrivateFrameworks/caulk.framework/Versions/A/caulk
0x00007ff81bc4e000 	/usr/lib/libAudioStatistics.dylib
0x00007ff912f71000 	/System/Library/PrivateFrameworks/SystemPolicy.framework/Versions/A/SystemPolicy
0x00007ff81bea3000 	/usr/lib/libSMC.dylib
0x00007ff824ced000 	/System/Library/Frameworks/CoreMIDI.framework/Versions/A/CoreMIDI
0x00007ff81aafe000 	/usr/lib/libAudioToolboxUtility.dylib
0x00007ff90f383000 	/System/Library/PrivateFrameworks/OSAServicesClient.framework/Versions/A/OSAServicesClient
0x00007ff81c337000 	/usr/lib/libperfcheck.dylib
0x00007ff913a03000 	/usr/lib/libmis.dylib
0x00007ffa25f03000 	/System/Library/Frameworks/OpenGL.framework/Versions/A/Libraries/libGLU.dylib
0x00007ffa25ec6000 	/System/Library/Frameworks/OpenGL.framework/Versions/A/Libraries/libGFXShared.dylib
0x00007ffa260d4000 	/System/Library/Frameworks/OpenGL.framework/Versions/A/Libraries/libGL.dylib
0x00007ffa25ecf000 	/System/Library/Frameworks/OpenGL.framework/Versions/A/Libraries/libGLImage.dylib
0x00007ffa25ec3000 	/System/Library/Frameworks/OpenGL.framework/Versions/A/Libraries/libCVMSPluginSupport.dylib
0x00007ffa25eae000 	/System/Library/Frameworks/OpenGL.framework/Versions/A/Libraries/libCoreVMClient.dylib
0x00007ff8177c7000 	/System/Library/Frameworks/MetalPerformanceShaders.framework/Versions/A/Frameworks/MPSCore.framework/Versions/A/MPSCore
0x00007ff818b8e000 	/System/Library/Frameworks/MetalPerformanceShaders.framework/Versions/A/Frameworks/MPSImage.framework/Versions/A/MPSImage
0x00007ff81863d000 	/System/Library/Frameworks/MetalPerformanceShaders.framework/Versions/A/Frameworks/MPSNeuralNetwork.framework/Versions/A/MPSNeuralNetwork
0x00007ff818ab2000 	/System/Library/Frameworks/MetalPerformanceShaders.framework/Versions/A/Frameworks/MPSMatrix.framework/Versions/A/MPSMatrix
0x00007ff81886e000 	/System/Library/Frameworks/MetalPerformanceShaders.framework/Versions/A/Frameworks/MPSRayIntersector.framework/Versions/A/MPSRayIntersector
0x00007ff818aeb000 	/System/Library/Frameworks/MetalPerformanceShaders.framework/Versions/A/Frameworks/MPSNDArray.framework/Versions/A/MPSNDArray
0x00007ffa2aac8000 	/System/Library/Frameworks/MetalPerformanceShaders.framework/Versions/A/Frameworks/MPSFunctions.framework/Versions/A/MPSFunctions
0x00007ff80e99a000 	/System/Library/PrivateFrameworks/MetalTools.framework/Versions/A/MetalTools
0x00007ff817841000 	/System/Library/PrivateFrameworks/AggregateDictionary.framework/Versions/A/AggregateDictionary
0x00007ff819983000 	/usr/lib/libIOReport.dylib
0x00007ffa274e3000 	/System/Library/Frameworks/OpenCL.framework/Versions/A/OpenCL
0x00007ff819ce7000 	/System/Library/PrivateFrameworks/FaceCore.framework/Versions/A/FaceCore
0x00007ff819cd8000 	/System/Library/PrivateFrameworks/GraphVisualizer.framework/Versions/A/GraphVisualizer
0x00007ffb11e53000 	/System/Library/PrivateFrameworks/FontServices.framework/Versions/A/FontServices
0x00007ff81a104000 	/System/Library/PrivateFrameworks/OTSVG.framework/Versions/A/OTSVG
0x00007ff815620000 	/System/Library/Frameworks/ApplicationServices.framework/Versions/A/Frameworks/ATS.framework/Versions/A/Resources/libFontRegistry.dylib
0x00007ff81a155000 	/System/Library/PrivateFrameworks/FontServices.framework/libhvf.dylib
0x00007ffb11e54000 	/System/Library/PrivateFrameworks/FontServices.framework/libXTFontStaticRegistryData.dylib
0x00007ff819b51000 	/System/Library/PrivateFrameworks/AppleVA.framework/Versions/A/AppleVA
0x00007ff81bc72000 	/System/Library/Frameworks/ApplicationServices.framework/Versions/A/Frameworks/ATS.framework/Versions/A/ATS
0x00007ff813cf0000 	/System/Library/Frameworks/ApplicationServices.framework/Versions/A/Frameworks/HIServices.framework/Versions/A/HIServices
0x00007ff81ac4d000 	/System/Library/Frameworks/ApplicationServices.framework/Versions/A/Frameworks/PrintCore.framework/Versions/A/PrintCore
0x00007ff81bff6000 	/System/Library/Frameworks/ApplicationServices.framework/Versions/A/Frameworks/QD.framework/Versions/A/QD
0x00007ff81bfee000 	/System/Library/Frameworks/ApplicationServices.framework/Versions/A/Frameworks/ColorSyncLegacy.framework/Versions/A/ColorSyncLegacy
0x00007ff81bc62000 	/System/Library/Frameworks/ApplicationServices.framework/Versions/A/Frameworks/SpeechSynthesis.framework/Versions/A/SpeechSynthesis
0x00007ff81ac0e000 	/System/Library/Frameworks/ApplicationServices.framework/Versions/A/Frameworks/ATSUI.framework/Versions/A/ATSUI
0x00007ff81bf83000 	/usr/lib/libcups.2.dylib
0x00007ff81c346000 	/System/Library/Frameworks/Kerberos.framework/Versions/A/Kerberos
0x00007ff81c355000 	/System/Library/Frameworks/GSS.framework/Versions/A/GSS
0x00007ff81bcde000 	/usr/lib/libresolv.9.dylib
0x00007ff81a164000 	/System/Library/PrivateFrameworks/Heimdal.framework/Versions/A/Heimdal
0x00007ff822e43000 	/System/Library/Frameworks/Kerberos.framework/Versions/A/Libraries/libHeimdalProxy.dylib
0x00007ff8149c2000 	/System/Library/Frameworks/Network.framework/Versions/A/Network
0x00007ff819bbb000 	/usr/lib/libheimdal-asn1.dylib
0x00007ff81c3a1000 	/System/Library/PrivateFrameworks/CommonAuth.framework/Versions/A/CommonAuth
0x00007ff81bbdf000 	/System/Library/PrivateFrameworks/AudioSession.framework/Versions/A/AudioSession
0x00007ff819c4b000 	/System/Library/PrivateFrameworks/MediaExperience.framework/Versions/A/MediaExperience
0x00007ff81ba73000 	/System/Library/PrivateFrameworks/AudioSession.framework/libSessionUtility.dylib
0x00007ff81c002000 	/System/Library/PrivateFrameworks/AudioResourceArbitration.framework/Versions/A/AudioResourceArbitration
0x00007ff81fff4000 	/System/Library/PrivateFrameworks/PowerLog.framework/Versions/A/PowerLog
0x00007ff819bc4000 	/System/Library/PrivateFrameworks/IconFoundation.framework/Versions/A/IconFoundation
0x00007ff81ee0e000 	/System/Library/PrivateFrameworks/SpeechRecognitionCore.framework/Versions/A/SpeechRecognitionCore
0x0000000101a1d000 	/Library/Java/JavaVirtualMachines/temurin-11.jdk/Contents/Home/lib/server/libjvm.dylib
0x0000000100c86000 	/Library/Java/JavaVirtualMachines/temurin-11.jdk/Contents/Home/lib/libverify.dylib
0x0000000100cc3000 	/Library/Java/JavaVirtualMachines/temurin-11.jdk/Contents/Home/lib/libjava.dylib
0x0000000100c97000 	/Library/Java/JavaVirtualMachines/temurin-11.jdk/Contents/Home/lib/libjimage.dylib
0x0000000100caf000 	/Library/Java/JavaVirtualMachines/temurin-11.jdk/Contents/Home/lib/libzip.dylib
0x000000010182d000 	/Library/Java/JavaVirtualMachines/temurin-11.jdk/Contents/Home/lib/libnio.dylib
0x0000000101859000 	/Library/Java/JavaVirtualMachines/temurin-11.jdk/Contents/Home/lib/libnet.dylib
0x0000000101840000 	/Users/colinnewton/.openjfx/cache/13/libprism_es2.dylib
0x00007ff810b1b000 	/System/Library/PrivateFrameworks/CoreServicesInternal.framework/Versions/A/CoreServicesInternal
0x00007ffa260df000 	/System/Library/Frameworks/OpenGL.framework/Versions/A/Resources/GLEngine.bundle/GLEngine
0x00007ffa25f41000 	/System/Library/Frameworks/OpenGL.framework/Versions/A/Libraries/libGLProgrammability.dylib
0x00007ffa1a307000 	/System/Library/Extensions/AppleIntelKBLGraphicsGLDriver.bundle/Contents/MacOS/AppleIntelKBLGraphicsGLDriver
0x00007ff91d8e7000 	/System/Library/PrivateFrameworks/GPUSupport.framework/Versions/A/Libraries/libGPUSupportMercury.dylib
0x00007ffa2626e000 	/System/Library/Frameworks/OpenGL.framework/Versions/A/Resources/GLRendererFloat.bundle/GLRendererFloat
0x000000010bde6000 	/Users/colinnewton/.openjfx/cache/13/libglass.dylib
0x00007ff8205e5000 	/System/Library/Frameworks/FileProvider.framework/Versions/A/FileProvider
0x00007ff8147a1000 	/System/Library/Frameworks/Accounts.framework/Versions/A/Accounts
0x00007ff82075d000 	/System/Library/PrivateFrameworks/GenerationalStorage.framework/Versions/A/GenerationalStorage
0x00007ff82126f000 	/System/Library/PrivateFrameworks/CoreSymbolication.framework/Versions/A/CoreSymbolication
0x00007ff81ffe9000 	/System/Library/PrivateFrameworks/SymptomDiagnosticReporter.framework/Versions/A/SymptomDiagnosticReporter
0x00007ff811ddf000 	/System/Library/PrivateFrameworks/DesktopServicesPriv.framework/Versions/A/DesktopServicesPriv
0x00007ff810c5c000 	/usr/lib/libsandbox.1.dylib
0x00007ff815ab7000 	/System/Library/PrivateFrameworks/UserManagement.framework/Versions/A/UserManagement
0x00007ff821234000 	/System/Library/PrivateFrameworks/DebugSymbols.framework/Versions/A/DebugSymbols
0x00007ff81bfe3000 	/System/Library/PrivateFrameworks/NetAuth.framework/Versions/A/NetAuth
0x00007ff81ced2000 	/System/Library/PrivateFrameworks/Sharing.framework/Versions/A/Sharing
0x00007ff815a8a000 	/System/Library/PrivateFrameworks/login.framework/Versions/A/Frameworks/loginsupport.framework/Versions/A/loginsupport
0x00007ff822375000 	/System/Library/PrivateFrameworks/Apple80211.framework/Versions/A/Apple80211
0x00007ff818c73000 	/System/Library/PrivateFrameworks/AuthKit.framework/Versions/A/AuthKit
0x00007ff8182c9000 	/System/Library/PrivateFrameworks/CoreUtils.framework/Versions/A/CoreUtils
0x00007ff8181f0000 	/System/Library/Frameworks/CoreWLAN.framework/Versions/A/CoreWLAN
0x00007ff81d02d000 	/System/Library/Frameworks/IOBluetooth.framework/Versions/A/IOBluetooth
0x00007ff8223dd000 	/System/Library/PrivateFrameworks/CoreWiFi.framework/Versions/A/CoreWiFi
0x00007ff820e09000 	/System/Library/PrivateFrameworks/FrontBoardServices.framework/Versions/A/FrontBoardServices
0x00007ff820e9b000 	/System/Library/PrivateFrameworks/BoardServices.framework/Versions/A/BoardServices
0x00007ff8184e3000 	/System/Library/PrivateFrameworks/AssertionServices.framework/Versions/A/AssertionServices
0x00007ff822561000 	/System/Library/PrivateFrameworks/BackBoardServices.framework/Versions/A/BackBoardServices
0x00007ff81c430000 	/System/Library/PrivateFrameworks/CorePhoneNumbers.framework/Versions/A/CorePhoneNumbers
0x00007ff820106000 	/System/Library/PrivateFrameworks/DiskManagement.framework/Versions/A/DiskManagement
0x00007ff82001a000 	/System/Library/PrivateFrameworks/AppleIDAuthSupport.framework/Versions/A/AppleIDAuthSupport
0x00007ffa2ca81000 	/System/Library/PrivateFrameworks/AAAFoundation.framework/Versions/A/AAAFoundation
0x00007ff81c411000 	/System/Library/PrivateFrameworks/KeychainCircle.framework/Versions/A/KeychainCircle
0x00007ff8200d2000 	/System/Library/PrivateFrameworks/MediaKit.framework/Versions/A/MediaKit
0x00007ff820026000 	/System/Library/Frameworks/DiscRecording.framework/Versions/A/DiscRecording
0x00007ff819ac9000 	/usr/lib/libCoreStorage.dylib
0x00007ff822850000 	/usr/lib/libcsfde.dylib
0x00007ff81d0fa000 	/System/Library/PrivateFrameworks/ProtectedCloudStorage.framework/Versions/A/ProtectedCloudStorage
0x00007ff82284c000 	/System/Library/PrivateFrameworks/EFILogin.framework/Versions/A/EFILogin
0x00007ff820783000 	/System/Library/PrivateFrameworks/OctagonTrust.framework/Versions/A/OctagonTrust
0x00007ffb11175000 	/System/Library/PrivateFrameworks/CoreUtilsExtras.framework/Versions/A/CoreUtilsExtras
0x00007ff81ff5c000 	/System/Library/Frameworks/CoreBluetooth.framework/Versions/A/CoreBluetooth
0x00007ff822ec8000 	/System/Library/Frameworks/AudioUnit.framework/Versions/A/AudioUnit
0x00007ff819ac1000 	/usr/lib/libMatch.1.dylib
0x00007ff917e67000 	/System/Library/Frameworks/Accelerate.framework/Versions/A/Frameworks/vImage.framework/Versions/A/Libraries/libCGInterfaces.dylib
0x0000000129195000 	/usr/lib/libobjc-trampolines.dylib
0x00007ff8157b0000 	/System/Library/PrivateFrameworks/ViewBridge.framework/Versions/A/ViewBridge
0x00007ff81a21e000 	/System/Library/PrivateFrameworks/login.framework/Versions/A/login
0x000000012bde8000 	/Users/colinnewton/.openjfx/cache/13/libjavafx_font.dylib
0x000000012cb69000 	/Users/colinnewton/.openjfx/cache/13/libglib-lite.dylib
0x00007ff81c582000 	/usr/lib/libffi.dylib
0x000000012ce31000 	/Users/colinnewton/.openjfx/cache/13/libgstreamer-lite.dylib
0x000000012ca67000 	/Users/colinnewton/.openjfx/cache/13/libjfxmedia.dylib
0x000000012ca9c000 	/Users/colinnewton/.openjfx/cache/13/libjfxmedia_avf.dylib
0x00007ff912d8d000 	/System/Library/Frameworks/AVFoundation.framework/Versions/A/AVFoundation
0x00007ffa29c74000 	/System/Library/Frameworks/AVFAudio.framework/Versions/A/AVFAudio
0x00007ff820c19000 	/System/Library/PrivateFrameworks/AVFCore.framework/Versions/A/AVFCore
0x00007ff827ae2000 	/System/Library/PrivateFrameworks/AVFCapture.framework/Versions/A/AVFCapture
0x00007ff911b92000 	/System/Library/PrivateFrameworks/AirPlaySync.framework/Versions/A/AirPlaySync
0x00007ff81ae75000 	/System/Library/Frameworks/MediaToolbox.framework/Versions/A/MediaToolbox
0x00007ff8205b5000 	/System/Library/PrivateFrameworks/CoreAVCHD.framework/Versions/A/CoreAVCHD
0x00007ff81f49d000 	/System/Library/Frameworks/MediaAccessibility.framework/Versions/A/MediaAccessibility
0x00007ff8205b1000 	/System/Library/PrivateFrameworks/Mangrove.framework/Versions/A/Mangrove
0x00007ff81f4a8000 	/System/Library/PrivateFrameworks/AlgosScoreFramework.framework/Versions/A/AlgosScoreFramework
0x00007ffb0e5ba000 	/System/Library/PrivateFrameworks/CMPhoto.framework/Versions/A/CMPhoto
0x00007ff82110a000 	/System/Library/PrivateFrameworks/AppleVPA.framework/Versions/A/AppleVPA
0x00007ff8201f6000 	/System/Library/PrivateFrameworks/CoreAUC.framework/Versions/A/CoreAUC
0x00007ffb0e5a3000 	/System/Library/PrivateFrameworks/CMImaging.framework/Versions/A/CMImaging
0x00007ff827c32000 	/System/Library/PrivateFrameworks/Quagga.framework/Versions/A/Quagga
0x00007ff827cf9000 	/System/Library/PrivateFrameworks/CMCapture.framework/Versions/A/CMCapture
0x00007ff81bdcd000 	/System/Library/Frameworks/CoreMediaIO.framework/Versions/A/CoreMediaIO
0x00007ff822ff3000 	/System/Library/PrivateFrameworks/Espresso.framework/Versions/A/Espresso
0x00007ff8228d0000 	/System/Library/PrivateFrameworks/AppSupport.framework/Versions/A/AppSupport
0x00007ffa17f3f000 	/System/Library/PrivateFrameworks/ANECompiler.framework/Versions/A/ANECompiler
0x00007ff824c71000 	/System/Library/PrivateFrameworks/AppleNeuralEngine.framework/Versions/A/AppleNeuralEngine
0x00007ffb148bc000 	/System/Library/PrivateFrameworks/MIL.framework/Versions/A/MIL
0x00007ffa2aadb000 	/System/Library/Frameworks/MetalPerformanceShadersGraph.framework/Versions/A/MetalPerformanceShadersGraph
0x00007ff823b67000 	/System/Library/PrivateFrameworks/ANEServices.framework/Versions/A/ANEServices
0x00007ff9176e5000 	/usr/lib/libncurses.5.4.dylib
0x00007ffb23dea000 	/usr/lib/libRosetta.dylib
0x000000012c573000 	/Users/colinnewton/.openjfx/cache/13/libfxplugins.dylib
0x00007ffa2c51c000 	/System/Library/Frameworks/VideoDecodeAcceleration.framework/Versions/A/VideoDecodeAcceleration
0x000000012ca32000 	/System/Library/Extensions/AppleGFXHDA.kext/Contents/PlugIns/AppleGFXHDAHALPlugIn.bundle/Contents/MacOS/AppleGFXHDAHALPlugIn
0x000000012cca1000 	/System/Library/Components/CoreAudio.component/Contents/MacOS/CoreAudio
0x000000012cb14000 	/Users/colinnewton/.openjfx/cache/13/libjavafx_iio.dylib
0x0000000130f22000 	/System/Library/Components/AudioCodecs.component/Contents/MacOS/AudioCodecs
0x00000001326e6000 	/System/Library/Components/AudioDSP.component/Contents/MacOS/AudioDSP
0x00007ffb23c6c000 	/usr/lib/libAudioDSPCore.dylib


VM Arguments:
jvm_args: --module-path=/Volumes/GoogleDrive/My Drive/3 - AP CS Fulk/APCS workspace/STD/std/target/classes:/Users/colinnewton/.m2/repository/org/openjfx/javafx-controls/13/javafx-controls-13-mac.jar:/Users/colinnewton/.m2/repository/org/openjfx/javafx-graphics/13/javafx-graphics-13-mac.jar:/Users/colinnewton/.m2/repository/org/openjfx/javafx-base/13/javafx-base-13-mac.jar:/Users/colinnewton/.m2/repository/org/openjfx/javafx-fxml/13/javafx-fxml-13-mac.jar:/Users/colinnewton/.m2/repository/org/openjfx/javafx-media/13/javafx-media-13-mac.jar -Djdk.module.main=school.tower.defense 
java_command: school.tower.defense/school.tower.defense.App
java_class_path (initial): /Users/colinnewton/.m2/repository/org/openjfx/javafx-controls/13/javafx-controls-13.jar:/Users/colinnewton/.m2/repository/org/openjfx/javafx-graphics/13/javafx-graphics-13.jar:/Users/colinnewton/.m2/repository/org/openjfx/javafx-base/13/javafx-base-13.jar:/Users/colinnewton/.m2/repository/org/openjfx/javafx-fxml/13/javafx-fxml-13.jar:/Users/colinnewton/.m2/repository/org/openjfx/javafx-media/13/javafx-media-13.jar
Launcher Type: SUN_STANDARD

[Global flags]
     intx CICompilerCount                          = 4                                         {product} {ergonomic}
     uint ConcGCThreads                            = 2                                         {product} {ergonomic}
     uint G1ConcRefinementThreads                  = 8                                         {product} {ergonomic}
   size_t G1HeapRegionSize                         = 1048576                                   {product} {ergonomic}
    uintx GCDrainStackTargetSize                   = 64                                        {product} {ergonomic}
   size_t InitialHeapSize                          = 268435456                                 {product} {ergonomic}
   size_t MarkStackSize                            = 4194304                                   {product} {ergonomic}
   size_t MaxHeapSize                              = 4294967296                                {product} {ergonomic}
   size_t MaxNewSize                               = 2576351232                                {product} {ergonomic}
   size_t MinHeapDeltaBytes                        = 1048576                                   {product} {ergonomic}
    uintx NonNMethodCodeHeapSize                   = 5836300                                {pd product} {ergonomic}
    uintx NonProfiledCodeHeapSize                  = 122910970                              {pd product} {ergonomic}
    uintx ProfiledCodeHeapSize                     = 122910970                              {pd product} {ergonomic}
    uintx ReservedCodeCacheSize                    = 251658240                              {pd product} {ergonomic}
     bool SegmentedCodeCache                       = true                                      {product} {ergonomic}
     bool UseCompressedClassPointers               = true                                 {lp64_product} {ergonomic}
     bool UseCompressedOops                        = true                                 {lp64_product} {ergonomic}
     bool UseG1GC                                  = true                                      {product} {ergonomic}

Logging:
Log output configuration:
 #0: stdout all=warning uptime,level,tags
 #1: stderr all=off uptime,level,tags

Environment Variables:
PATH=/Library/Frameworks/Python.framework/Versions/3.9/bin:/usr/local/bin:/usr/bin:/bin:/usr/sbin:/sbin:/Library/Frameworks/Python.framework/Versions/3.9/bin
SHELL=/bin/bash
LANG=en_US.UTF-8

Signal Handlers:
SIGSEGV: [libjvm.dylib+0x7c73e4], sa_mask[0]=11111111011111110111111111111111, sa_flags=SA_ONSTACK|SA_RESTART|SA_SIGINFO
SIGBUS: [libjvm.dylib+0x7c73e4], sa_mask[0]=11111111011111110111111111111111, sa_flags=SA_RESTART|SA_SIGINFO
SIGFPE: [libjvm.dylib+0x7c73e4], sa_mask[0]=11111111011111110111111111111111, sa_flags=SA_RESTART|SA_SIGINFO
SIGPIPE: [libjvm.dylib+0x62c4e1], sa_mask[0]=11111111011111110111111111111111, sa_flags=SA_RESTART|SA_SIGINFO
SIGXFSZ: [libjvm.dylib+0x62c4e1], sa_mask[0]=11111111011111110111111111111111, sa_flags=SA_RESTART|SA_SIGINFO
SIGILL: [libjvm.dylib+0x7c73e4], sa_mask[0]=11111111011111110111111111111111, sa_flags=SA_RESTART|SA_SIGINFO
SIGUSR2: [libjvm.dylib+0x62cac9], sa_mask[0]=00000000000000000000000000000000, sa_flags=SA_RESTART|SA_SIGINFO
SIGHUP: [libjvm.dylib+0x62b667], sa_mask[0]=11111111011111110111111111111111, sa_flags=SA_RESTART|SA_SIGINFO
SIGINT: [libjvm.dylib+0x62b667], sa_mask[0]=11111111011111110111111111111111, sa_flags=SA_RESTART|SA_SIGINFO
SIGTERM: [libjvm.dylib+0x62b667], sa_mask[0]=11111111011111110111111111111111, sa_flags=SA_RESTART|SA_SIGINFO
SIGQUIT: [libjvm.dylib+0x62b667], sa_mask[0]=11111111011111110111111111111111, sa_flags=SA_RESTART|SA_SIGINFO


---------------  S Y S T E M  ---------------

OS:uname:Darwin 21.3.0 Darwin Kernel Version 21.3.0: Wed Jan  5 21:37:58 PST 2022; root:xnu-8019.80.24~20/RELEASE_X86_64 x86_64
OS uptime: 71 days 22:59 hours
rlimit (soft/hard): STACK 8192k/65532k , CORE 0k/infinity , NPROC 2784/4176 , NOFILE 10240/infinity , AS infinity/infinity , CPU infinity/infinity , DATA infinity/infinity , FSIZE infinity/infinity , MEMLOCK infinity/infinity , RSS infinity/infinity
load average:8.62 5.30 5.29

CPU:total 8 (initial active 8) (4 cores per cpu, 2 threads per core) family 6 model 142 stepping 10 microcode 0xec, cmov, cx8, fxsr, mmx, sse, sse2, sse3, ssse3, sse4.1, sse4.2, popcnt, avx, avx2, aes, clmul, erms, 3dnowpref, lzcnt, ht, tsc, tscinvbit, bmi1, bmi2, adx, fma

Memory: 4k page, physical 16777216k(86976k free), swap 17825792k(710400k free)

vm_info: OpenJDK 64-Bit Server VM (11.0.12+7) for bsd-amd64 JRE (11.0.12+7), built on Jul 21 2021 09:19:19 by "jenkins" with clang 4.2.1 Compatible Apple LLVM 10.0.1 (clang-1001.0.46.4)

END.
